<?xml version="1.0" encoding="UTF-8" ?>
<testsuite errors="0" failures="0" hostname="WINDOWS-6HC41U4" name="soen487.g4.sc.warehouse.test.service.WarehouseWebServiceTest" skipped="0" tests="1" time="0.201" timestamp="2018-04-09T20:53:01">
  <properties>
    <property name="libs.jsp-compiler.javadoc" value="" />
    <property name="netbeans.autoupdate.country" value="US" />
    <property name="libs.Encoder-HL7.javadoc" value="" />
    <property name="nb.wait.for.caches" value="true" />
    <property name="javac.test.classpath" value="../../../../../Downloads/jar_files/json-simple-1.1.1.jar:build/web/WEB-INF/classes:C:\Users\Yanan Chang\Desktop\General Folder\Concordia\2018 Winter\SOEN487\tools\OpenESB-Quickstart-Standalone-v305\OpenESB-SE-3.0.5\OE-Studio\netbeans\platform\modules\ext\junit-4.10.jar:${libs.hamcrest.classpath}" />
    <property name="libs.jsf20.maven-pom" value="" />
    <property name="j2ee.copy.static.files.on.save" value="true" />
    <property name="source.root" value="src" />
    <property name="do.display.browser" value="true" />
    <property name="libs.junit.javadoc" value="C:\Users\Yanan Chang\Desktop\General Folder\Concordia\2018 Winter\SOEN487\tools\OpenESB-Quickstart-Standalone-v305\OpenESB-SE-3.0.5\OE-Studio\netbeans\java\docs\junit-3.8.2-api.zip" />
    <property name="libs.spring-webmvc4.0.src" value="" />
    <property name="ant.core.lib" value="C:\Users\Yanan Chang\Desktop\General Folder\Concordia\2018 Winter\SOEN487\tools\OpenESB-Quickstart-Standalone-v305\OpenESB-SE-3.0.5\OE-Studio\netbeans\extide\ant\lib\ant.jar" />
    <property name="javadoc.windowtitle" value="" />
    <property name="libs.jsp-compilation.javadoc" value="" />
    <property name="user.dir" value="C:\Users\Yanan Chang\Desktop\General Folder\Concordia\2018 Winter\SOEN487\code\project\soen487-w18-team04\RetailerSystem\WarehouseService1" />
    <property name="libs.javaee-api-7.0.src" value="" />
    <property name="java.vm.version" value="25.91-b15" />
    <property name="libs.MySQLDriver.classpath" value="C:\Users\Yanan Chang\Desktop\General Folder\Concordia\2018 Winter\SOEN487\tools\OpenESB-Quickstart-Standalone-v305\OpenESB-SE-3.0.5\OE-Studio\netbeans\ide\modules\ext\mysql-connector-java-5.1.23-bin.jar" />
    <property name="libs.eclipselinkmodelgen.src" value="" />
    <property name="javadoc.notree" value="false" />
    <property name="lib.dir" value="web/WEB-INF/lib" />
    <property name="netbeans.autoupdate.version" value="1.23" />
    <property name="libs.EclipseLink-GlassFish-v3.classpath" value="C:\Users\Yanan Chang\GlassFish_Server\glassfish\modules\org.eclipse.persistence.antlr.jar;C:\Users\Yanan Chang\GlassFish_Server\glassfish\modules\org.eclipse.persistence.asm.jar;C:\Users\Yanan Chang\GlassFish_Server\glassfish\modules\org.eclipse.persistence.core.jar;C:\Users\Yanan Chang\GlassFish_Server\glassfish\modules\org.eclipse.persistence.dbws.jar;C:\Users\Yanan Chang\GlassFish_Server\glassfish\modules\org.eclipse.persistence.jpa.jar;C:\Users\Yanan Chang\GlassFish_Server\glassfish\modules\org.eclipse.persistence.jpa.jpql.jar;C:\Users\Yanan Chang\GlassFish_Server\glassfish\modules\org.eclipse.persistence.jpa.modelgen.processor.jar;C:\Users\Yanan Chang\GlassFish_Server\glassfish\modules\org.eclipse.persistence.moxy.jar;C:\Users\Yanan Chang\GlassFish_Server\glassfish\modules\org.eclipse.persistence.oracle.jar;C:\Users\Yanan Chang\GlassFish_Server\glassfish\modules\javax.persistence.jar" />
    <property name="libs.javaee-web-api-6.0.classpath" value="C:\Users\Yanan Chang\Desktop\General Folder\Concordia\2018 Winter\SOEN487\tools\OpenESB-Quickstart-Standalone-v305\OpenESB-SE-3.0.5\OE-Studio\netbeans\enterprise\modules\ext\javaee-web-api-6.0.jar" />
    <property name="libs.Java-EE-GlassFish-v3-Prelude.javadoc" value="C:\Users\Yanan Chang\Desktop\General Folder\Concordia\2018 Winter\SOEN487\tools\OpenESB-Quickstart-Standalone-v305\OpenESB-SE-3.0.5\OE-Studio\netbeans\enterprise\docs\javaee-doc-api.jar" />
    <property name="jdk.home" value="C:\Java\jdk1.8.0_91" />
    <property name="libs.javac-api.src" value="" />
    <property name="javadoc.noindex" value="false" />
    <property name="libs.jpa2-persistence.classpath" value="C:\Users\Yanan Chang\Desktop\General Folder\Concordia\2018 Winter\SOEN487\tools\OpenESB-Quickstart-Standalone-v305\OpenESB-SE-3.0.5\OE-Studio\netbeans\java\modules\ext\hibernate4\hibernate-jpa-2.1-api-1.0.0.Final.jar" />
    <property name="sun.os.patch.level" value="" />
    <property name="libs.Java-EE-GlassFish-v3-Prelude.src" value="" />
    <property name="do.tmp.war.package" value="true" />
    <property name="java.vm.specification.name" value="Java Virtual Machine Specification" />
    <property name="libs.Encoder-Custom.javadoc" value="" />
    <property name="nb.show.statistics.ui" value="usageStatisticsEnabled" />
    <property name="netbeans.autoupdate.variant" value="" />
    <property name="have.tests" value="true" />
    <property name="ant.file.type.Warehouse-rest-build" value="file" />
    <property name="org.xml.sax.driver" value="com.sun.org.apache.xerces.internal.jaxp.SAXParserImpl$JAXPSAXParser" />
    <property name="j2ee.server.instance" value="[C:\Users\Yanan Chang\GlassFish_Server\glassfish;C:\Users\Yanan Chang\GlassFish_Server\glassfish\domains\domain1]deployer:gfv3ee6wc:localhost:4848" />
    <property name="libs.javac-api.javadoc" value="" />
    <property name="os.name" value="Windows 10" />
    <property name="libs.beans-binding.classpath" value="C:\Users\Yanan Chang\Desktop\General Folder\Concordia\2018 Winter\SOEN487\tools\OpenESB-Quickstart-Standalone-v305\OpenESB-SE-3.0.5\OE-Studio\netbeans\java\modules\ext\beansbinding-1.2.1.jar" />
    <property name="libs.javaee-endorsed-api-7.0.maven-pom" value="" />
    <property name="ap.proc.none.internal" value="" />
    <property name="libs.restapi.javadoc" value="" />
    <property name="libs.JWSAntTasks.maven-pom" value="" />
    <property name="libs.jstl.classpath" value="C:\Users\Yanan Chang\Desktop\General Folder\Concordia\2018 Winter\SOEN487\tools\OpenESB-Quickstart-Standalone-v305\OpenESB-SE-3.0.5\OE-Studio\netbeans\enterprise\modules\ext\jstl-impl.jar;C:\Users\Yanan Chang\Desktop\General Folder\Concordia\2018 Winter\SOEN487\tools\OpenESB-Quickstart-Standalone-v305\OpenESB-SE-3.0.5\OE-Studio\netbeans\enterprise\modules\ext\jstl-api.jar" />
    <property name="libs.testng.src" value="" />
    <property name="libs.spring-webmvc3.0.src" value="" />
    <property name="libs.restapi.classpath" value="C:\Users\Yanan Chang\Desktop\General Folder\Concordia\2018 Winter\SOEN487\tools\OpenESB-Quickstart-Standalone-v305\OpenESB-SE-3.0.5\OE-Studio\netbeans\enterprise\modules\ext\jaxrs-2.0\javax.ws.rs-api-2.0.jar" />
    <property name="conf-dir" value="src/conf/" />
    <property name="runmain.jvmargs" value="" />
    <property name="java.vendor.url.bug" value="http://bugreport.sun.com/bugreport/" />
    <property name="netbeans.user.dir" value="C:\Users\Yanan Chang\Desktop\General Folder\Concordia\2018 Winter\SOEN487\tools\OpenESB-Quickstart-Standalone-v305\OpenESB-SE-3.0.5\OE-Studio\netbeans\bin" />
    <property name="libs.jaxb.maven-pom" value="" />
    <property name="os.arch" value="amd64" />
    <property name="libs.Encoder-Custom.classpath" value="C:\Users\Yanan Chang\Desktop\General Folder\Concordia\2018 Winter\SOEN487\tools\OpenESB-Quickstart-Standalone-v305\OpenESB-SE-3.0.5\OE-Studio\netbeans\soa\modules\ext\custom.jar;C:\Users\Yanan Chang\Desktop\General Folder\Concordia\2018 Winter\SOEN487\tools\OpenESB-Quickstart-Standalone-v305\OpenESB-SE-3.0.5\OE-Studio\netbeans\soa\modules\ext\customencoder-xsdextension.jar" />
    <property name="libs.eclipselink.src" value="" />
    <property name="user.name" value="Yanan Chang" />
    <property name="j2ee.compile.on.save" value="true" />
    <property name="libs.jsf12.javadoc" value="C:\Users\Yanan Chang\Desktop\General Folder\Concordia\2018 Winter\SOEN487\tools\OpenESB-Quickstart-Standalone-v305\OpenESB-SE-3.0.5\OE-Studio\netbeans\enterprise\docs\javaee-doc-api.jar" />
    <property name="libs.Comet-GlassFish-v3.javadoc" value="" />
    <property name="libs.spring-webmvc3.0.maven-pom" value="" />
    <property name="libs.swing-layout.maven-pom" value="" />
    <property name="sun.java.command" value="org.apache.tools.ant.taskdefs.optional.junit.JUnitTestRunner soen487.g4.sc.warehouse.test.service.WarehouseWebServiceTest skipNonTests=false filtertrace=true haltOnError=false haltOnFailure=false showoutput=true outputtoformatters=true logfailedtests=true threadid=0 logtestlistenerevents=true formatter=org.apache.tools.ant.taskdefs.optional.junit.BriefJUnitResultFormatter formatter=org.apache.tools.ant.taskdefs.optional.junit.XMLJUnitResultFormatter,C:\Users\Yanan Chang\Desktop\General Folder\Concordia\2018 Winter\SOEN487\code\project\soen487-w18-team04\RetailerSystem\WarehouseService1\build\test\results\TEST-soen487.g4.sc.warehouse.test.service.WarehouseWebServiceTest.xml crashfile=C:\Users\Yanan Chang\Desktop\General Folder\Concordia\2018 Winter\SOEN487\code\project\soen487-w18-team04\RetailerSystem\WarehouseService1\build\junitvmwatcher3619894511213519349.properties propsfile=C:\Users\Yanan Chang\Desktop\General Folder\Concordia\2018 Winter\SOEN487\code\project\soen487-w18-team04\RetailerSystem\WarehouseService1\build\junit8513104828882304151.properties" />
    <property name="build.classes.dir" value="build/web/WEB-INF/classes" />
    <property name="ap.supported.internal" value="true" />
    <property name="libs.javaee-endorsed-api-7.0.javadoc" value="C:\Users\Yanan Chang\Desktop\General Folder\Concordia\2018 Winter\SOEN487\tools\OpenESB-Quickstart-Standalone-v305\OpenESB-SE-3.0.5\OE-Studio\netbeans\enterprise\docs\javaee-doc-api.jar" />
    <property name="libs.jaxws21.javadoc" value="C:\Users\Yanan Chang\Desktop\General Folder\Concordia\2018 Winter\SOEN487\tools\OpenESB-Quickstart-Standalone-v305\OpenESB-SE-3.0.5\OE-Studio\netbeans\java\docs\jaxws-api-doc.zip" />
    <property name="libs.spring-webmvc4.0.javadoc" value="" />
    <property name="build.web.excludes" value="**/*.java,**/*.form" />
    <property name="includes" value="**" />
    <property name="j2ee.platform.wsimport.classpath" value="C:/Users/Yanan Chang/GlassFish_Server/glassfish/modules/webservices-osgi.jar:C:/Users/Yanan Chang/GlassFish_Server/glassfish/modules/endorsed/webservices-api-osgi.jar:C:/Users/Yanan Chang/GlassFish_Server/glassfish/modules/jaxb-osgi.jar:C:/Users/Yanan Chang/GlassFish_Server/glassfish/modules/endorsed/jaxb-api.jar" />
    <property name="browser.context" value="C:\Users\Yanan Chang\Desktop\General Folder\Concordia\2018 Winter\SOEN487\code\project\soen487-w18-team04\RetailerSystem\WarehouseService1" />
    <property name="user.country" value="US" />
    <property name="javadoc.encoding" value="UTF-8" />
    <property name="javac.classpath" value="../../../../../Downloads/jar_files/json-simple-1.1.1.jar" />
    <property name="libs.jsp-compilation-syscp.src" value="" />
    <property name="libs.JAVADB_DRIVER_LABEL.src" value="" />
    <property name="libs.spring-framework400.classpath" value="C:\Users\Yanan Chang\Desktop\General Folder\Concordia\2018 Winter\SOEN487\tools\OpenESB-Quickstart-Standalone-v305\OpenESB-SE-3.0.5\OE-Studio\netbeans\ide\modules\org-apache-commons-logging.jar;C:\Users\Yanan Chang\Desktop\General Folder\Concordia\2018 Winter\SOEN487\tools\OpenESB-Quickstart-Standalone-v305\OpenESB-SE-3.0.5\OE-Studio\netbeans\java\modules\ext\cglib-2.2.jar;C:\Users\Yanan Chang\Desktop\General Folder\Concordia\2018 Winter\SOEN487\tools\OpenESB-Quickstart-Standalone-v305\OpenESB-SE-3.0.5\OE-Studio\netbeans\java\modules\ext\spring-4\spring-aop-4.0.1.RELEASE.jar;C:\Users\Yanan Chang\Desktop\General Folder\Concordia\2018 Winter\SOEN487\tools\OpenESB-Quickstart-Standalone-v305\OpenESB-SE-3.0.5\OE-Studio\netbeans\java\modules\ext\spring-4\spring-aspects-4.0.1.RELEASE.jar;C:\Users\Yanan Chang\Desktop\General Folder\Concordia\2018 Winter\SOEN487\tools\OpenESB-Quickstart-Standalone-v305\OpenESB-SE-3.0.5\OE-Studio\netbeans\java\modules\ext\spring-4\spring-beans-4.0.1.RELEASE.jar;C:\Users\Yanan Chang\Desktop\General Folder\Concordia\2018 Winter\SOEN487\tools\OpenESB-Quickstart-Standalone-v305\OpenESB-SE-3.0.5\OE-Studio\netbeans\java\modules\ext\spring-4\spring-build-src-4.0.1.RELEASE.jar;C:\Users\Yanan Chang\Desktop\General Folder\Concordia\2018 Winter\SOEN487\tools\OpenESB-Quickstart-Standalone-v305\OpenESB-SE-3.0.5\OE-Studio\netbeans\java\modules\ext\spring-4\spring-context-4.0.1.RELEASE.jar;C:\Users\Yanan Chang\Desktop\General Folder\Concordia\2018 Winter\SOEN487\tools\OpenESB-Quickstart-Standalone-v305\OpenESB-SE-3.0.5\OE-Studio\netbeans\java\modules\ext\spring-4\spring-context-support-4.0.1.RELEASE.jar;C:\Users\Yanan Chang\Desktop\General Folder\Concordia\2018 Winter\SOEN487\tools\OpenESB-Quickstart-Standalone-v305\OpenESB-SE-3.0.5\OE-Studio\netbeans\java\modules\ext\spring-4\spring-core-4.0.1.RELEASE.jar;C:\Users\Yanan Chang\Desktop\General Folder\Concordia\2018 Winter\SOEN487\tools\OpenESB-Quickstart-Standalone-v305\OpenESB-SE-3.0.5\OE-Studio\netbeans\java\modules\ext\spring-4\spring-expression-4.0.1.RELEASE.jar;C:\Users\Yanan Chang\Desktop\General Folder\Concordia\2018 Winter\SOEN487\tools\OpenESB-Quickstart-Standalone-v305\OpenESB-SE-3.0.5\OE-Studio\netbeans\java\modules\ext\spring-4\spring-framework-bom-4.0.1.RELEASE.jar;C:\Users\Yanan Chang\Desktop\General Folder\Concordia\2018 Winter\SOEN487\tools\OpenESB-Quickstart-Standalone-v305\OpenESB-SE-3.0.5\OE-Studio\netbeans\java\modules\ext\spring-4\spring-instrument-4.0.1.RELEASE.jar;C:\Users\Yanan Chang\Desktop\General Folder\Concordia\2018 Winter\SOEN487\tools\OpenESB-Quickstart-Standalone-v305\OpenESB-SE-3.0.5\OE-Studio\netbeans\java\modules\ext\spring-4\spring-instrument-tomcat-4.0.1.RELEASE.jar;C:\Users\Yanan Chang\Desktop\General Folder\Concordia\2018 Winter\SOEN487\tools\OpenESB-Quickstart-Standalone-v305\OpenESB-SE-3.0.5\OE-Studio\netbeans\java\modules\ext\spring-4\spring-jdbc-4.0.1.RELEASE.jar;C:\Users\Yanan Chang\Desktop\General Folder\Concordia\2018 Winter\SOEN487\tools\OpenESB-Quickstart-Standalone-v305\OpenESB-SE-3.0.5\OE-Studio\netbeans\java\modules\ext\spring-4\spring-jms-4.0.1.RELEASE.jar;C:\Users\Yanan Chang\Desktop\General Folder\Concordia\2018 Winter\SOEN487\tools\OpenESB-Quickstart-Standalone-v305\OpenESB-SE-3.0.5\OE-Studio\netbeans\java\modules\ext\spring-4\spring-messaging-4.0.1.RELEASE.jar;C:\Users\Yanan Chang\Desktop\General Folder\Concordia\2018 Winter\SOEN487\tools\OpenESB-Quickstart-Standalone-v305\OpenESB-SE-3.0.5\OE-Studio\netbeans\java\modules\ext\spring-4\spring-orm-4.0.1.RELEASE.jar;C:\Users\Yanan Chang\Desktop\General Folder\Concordia\2018 Winter\SOEN487\tools\OpenESB-Quickstart-Standalone-v305\OpenESB-SE-3.0.5\OE-Studio\netbeans\java\modules\ext\spring-4\spring-oxm-4.0.1.RELEASE.jar;C:\Users\Yanan Chang\Desktop\General Folder\Concordia\2018 Winter\SOEN487\tools\OpenESB-Quickstart-Standalone-v305\OpenESB-SE-3.0.5\OE-Studio\netbeans\java\modules\ext\spring-4\spring-test-4.0.1.RELEASE.jar;C:\Users\Yanan Chang\Desktop\General Folder\Concordia\2018 Winter\SOEN487\tools\OpenESB-Quickstart-Standalone-v305\OpenESB-SE-3.0.5\OE-Studio\netbeans\java\modules\ext\spring-4\spring-tx-4.0.1.RELEASE.jar;C:\Users\Yanan Chang\Desktop\General Folder\Concordia\2018 Winter\SOEN487\tools\OpenESB-Quickstart-Standalone-v305\OpenESB-SE-3.0.5\OE-Studio\netbeans\java\modules\ext\spring-4\spring-web-4.0.1.RELEASE.jar;C:\Users\Yanan Chang\Desktop\General Folder\Concordia\2018 Winter\SOEN487\tools\OpenESB-Quickstart-Standalone-v305\OpenESB-SE-3.0.5\OE-Studio\netbeans\java\modules\ext\spring-4\spring-webmvc-4.0.1.RELEASE.jar;C:\Users\Yanan Chang\Desktop\General Folder\Concordia\2018 Winter\SOEN487\tools\OpenESB-Quickstart-Standalone-v305\OpenESB-SE-3.0.5\OE-Studio\netbeans\java\modules\ext\spring-4\spring-webmvc-portlet-4.0.1.RELEASE.jar;C:\Users\Yanan Chang\Desktop\General Folder\Concordia\2018 Winter\SOEN487\tools\OpenESB-Quickstart-Standalone-v305\OpenESB-SE-3.0.5\OE-Studio\netbeans\java\modules\ext\spring-4\spring-websocket-4.0.1.RELEASE.jar" />
    <property name="do.debug.server" value="true" />
    <property name="debug-transport" value="dt_shmem" />
    <property name="netbeans.home" value="C:\Users\Yanan Chang\Desktop\General Folder\Concordia\2018 Winter\SOEN487\tools\OpenESB-Quickstart-Standalone-v305\OpenESB-SE-3.0.5\OE-Studio\netbeans\platform" />
    <property name="build.compiler.emacs" value="true" />
    <property name="libs.javaee-web-api-6.0.src" value="" />
    <property name="libs.jsp-compilation-syscp.classpath" value="C:\Users\Yanan Chang\Desktop\General Folder\Concordia\2018 Winter\SOEN487\tools\OpenESB-Quickstart-Standalone-v305\OpenESB-SE-3.0.5\OE-Studio\netbeans\extide\ant\lib\ant.jar;C:\Users\Yanan Chang\Desktop\General Folder\Concordia\2018 Winter\SOEN487\tools\OpenESB-Quickstart-Standalone-v305\OpenESB-SE-3.0.5\OE-Studio\netbeans\enterprise\modules\ext\servlet3.1-jsp2.3-api.jar;C:\Users\Yanan Chang\Desktop\General Folder\Concordia\2018 Winter\SOEN487\tools\OpenESB-Quickstart-Standalone-v305\OpenESB-SE-3.0.5\OE-Studio\netbeans\enterprise\modules\ext\glassfish-jspparser-4.0.jar;C:\Users\Yanan Chang\Desktop\General Folder\Concordia\2018 Winter\SOEN487\tools\OpenESB-Quickstart-Standalone-v305\OpenESB-SE-3.0.5\OE-Studio\netbeans\enterprise\modules\ext\jstl-impl.jar;C:\Users\Yanan Chang\Desktop\General Folder\Concordia\2018 Winter\SOEN487\tools\OpenESB-Quickstart-Standalone-v305\OpenESB-SE-3.0.5\OE-Studio\netbeans\enterprise\modules\ext\jsf-2_2\javax.faces.jar" />
    <property name="java.endorsed.dirs" value="C:\Java\jdk1.8.0_91\jre\lib\endorsed" />
    <property name="libs.Comet-GlassFish-v3.maven-pom" value="" />
    <property name="netbeans.dynamic.classpath" value="C:\Users\Yanan Chang\Desktop\General Folder\Concordia\2018 Winter\SOEN487\tools\OpenESB-Quickstart-Standalone-v305\OpenESB-SE-3.0.5\OE-Studio\netbeans\platform\core\core.jar;C:\Users\Yanan Chang\Desktop\General Folder\Concordia\2018 Winter\SOEN487\tools\OpenESB-Quickstart-Standalone-v305\OpenESB-SE-3.0.5\OE-Studio\netbeans\platform\core\org-openide-filesystems.jar;C:\Users\Yanan Chang\Desktop\General Folder\Concordia\2018 Winter\SOEN487\tools\OpenESB-Quickstart-Standalone-v305\OpenESB-SE-3.0.5\OE-Studio\netbeans\platform\core\locale\core_ja.jar;C:\Users\Yanan Chang\Desktop\General Folder\Concordia\2018 Winter\SOEN487\tools\OpenESB-Quickstart-Standalone-v305\OpenESB-SE-3.0.5\OE-Studio\netbeans\platform\core\locale\core_pt_BR.jar;C:\Users\Yanan Chang\Desktop\General Folder\Concordia\2018 Winter\SOEN487\tools\OpenESB-Quickstart-Standalone-v305\OpenESB-SE-3.0.5\OE-Studio\netbeans\platform\core\locale\core_ru.jar;C:\Users\Yanan Chang\Desktop\General Folder\Concordia\2018 Winter\SOEN487\tools\OpenESB-Quickstart-Standalone-v305\OpenESB-SE-3.0.5\OE-Studio\netbeans\platform\core\locale\core_zh_CN.jar;C:\Users\Yanan Chang\Desktop\General Folder\Concordia\2018 Winter\SOEN487\tools\OpenESB-Quickstart-Standalone-v305\OpenESB-SE-3.0.5\OE-Studio\netbeans\platform\core\locale\org-openide-filesystems_ja.jar;C:\Users\Yanan Chang\Desktop\General Folder\Concordia\2018 Winter\SOEN487\tools\OpenESB-Quickstart-Standalone-v305\OpenESB-SE-3.0.5\OE-Studio\netbeans\platform\core\locale\org-openide-filesystems_pt_BR.jar;C:\Users\Yanan Chang\Desktop\General Folder\Concordia\2018 Winter\SOEN487\tools\OpenESB-Quickstart-Standalone-v305\OpenESB-SE-3.0.5\OE-Studio\netbeans\platform\core\locale\org-openide-filesystems_ru.jar;C:\Users\Yanan Chang\Desktop\General Folder\Concordia\2018 Winter\SOEN487\tools\OpenESB-Quickstart-Standalone-v305\OpenESB-SE-3.0.5\OE-Studio\netbeans\platform\core\locale\org-openide-filesystems_zh_CN.jar;C:\Users\Yanan Chang\Desktop\General Folder\Concordia\2018 Winter\SOEN487\tools\OpenESB-Quickstart-Standalone-v305\OpenESB-SE-3.0.5\OE-Studio\netbeans\soa\core\locale\core_soa.jar;C:\Users\Yanan Chang\Desktop\General Folder\Concordia\2018 Winter\SOEN487\tools\OpenESB-Quickstart-Standalone-v305\OpenESB-SE-3.0.5\OE-Studio\netbeans\nb\core\org-netbeans-upgrader.jar;C:\Users\Yanan Chang\Desktop\General Folder\Concordia\2018 Winter\SOEN487\tools\OpenESB-Quickstart-Standalone-v305\OpenESB-SE-3.0.5\OE-Studio\netbeans\nb\core\locale\core_nb.jar;C:\Users\Yanan Chang\Desktop\General Folder\Concordia\2018 Winter\SOEN487\tools\OpenESB-Quickstart-Standalone-v305\OpenESB-SE-3.0.5\OE-Studio\netbeans\nb\core\locale\core_nb_ja.jar;C:\Users\Yanan Chang\Desktop\General Folder\Concordia\2018 Winter\SOEN487\tools\OpenESB-Quickstart-Standalone-v305\OpenESB-SE-3.0.5\OE-Studio\netbeans\nb\core\locale\core_nb_pt_BR.jar;C:\Users\Yanan Chang\Desktop\General Folder\Concordia\2018 Winter\SOEN487\tools\OpenESB-Quickstart-Standalone-v305\OpenESB-SE-3.0.5\OE-Studio\netbeans\nb\core\locale\core_nb_ru.jar;C:\Users\Yanan Chang\Desktop\General Folder\Concordia\2018 Winter\SOEN487\tools\OpenESB-Quickstart-Standalone-v305\OpenESB-SE-3.0.5\OE-Studio\netbeans\nb\core\locale\core_nb_zh_CN.jar;C:\Users\Yanan Chang\Desktop\General Folder\Concordia\2018 Winter\SOEN487\tools\OpenESB-Quickstart-Standalone-v305\OpenESB-SE-3.0.5\OE-Studio\netbeans\nb\core\locale\org-netbeans-upgrader_ja.jar;C:\Users\Yanan Chang\Desktop\General Folder\Concordia\2018 Winter\SOEN487\tools\OpenESB-Quickstart-Standalone-v305\OpenESB-SE-3.0.5\OE-Studio\netbeans\nb\core\locale\org-netbeans-upgrader_pt_BR.jar;C:\Users\Yanan Chang\Desktop\General Folder\Concordia\2018 Winter\SOEN487\tools\OpenESB-Quickstart-Standalone-v305\OpenESB-SE-3.0.5\OE-Studio\netbeans\nb\core\locale\org-netbeans-upgrader_ru.jar;C:\Users\Yanan Chang\Desktop\General Folder\Concordia\2018 Winter\SOEN487\tools\OpenESB-Quickstart-Standalone-v305\OpenESB-SE-3.0.5\OE-Studio\netbeans\nb\core\locale\org-netbeans-upgrader_zh_CN.jar" />
    <property name="java.vm.specification.version" value="1.8" />
    <property name="libs.hibernate4-support.src" value="" />
    <property name="libs.primefaces.classpath" value="C:\Users\Yanan Chang\Desktop\General Folder\Concordia\2018 Winter\SOEN487\tools\OpenESB-Quickstart-Standalone-v305\OpenESB-SE-3.0.5\OE-Studio\netbeans\enterprise\modules\ext\primefaces\primefaces-5.0.jar" />
    <property name="libs.javaee-api-6.0.classpath" value="C:\Users\Yanan Chang\Desktop\General Folder\Concordia\2018 Winter\SOEN487\tools\OpenESB-Quickstart-Standalone-v305\OpenESB-SE-3.0.5\OE-Studio\netbeans\enterprise\modules\ext\javaee-api-6.0.jar" />
    <property name="netbeans.productversion" value="OpenESB Studio 3.1.0-SNAPSHOT (based on Netbeans 8.0.2)" />
    <property name="libs.jaxws21.src" value="" />
    <property name="do.war.package.with.custom.manifest" value="true" />
    <property name="file.reference.json-simple-1.1.1.jar" value="../../../../../Downloads/jar_files/json-simple-1.1.1.jar" />
    <property name="netbeans.autoupdate.language" value="en" />
    <property name="libs.Encoder-Framework.javadoc" value="" />
    <property name="java.vendor" value="Oracle Corporation" />
    <property name="libs.javaee-api-6.0.javadoc" value="C:\Users\Yanan Chang\Desktop\General Folder\Concordia\2018 Winter\SOEN487\tools\OpenESB-Quickstart-Standalone-v305\OpenESB-SE-3.0.5\OE-Studio\netbeans\enterprise\docs\javaee-doc-api.jar" />
    <property name="javac.debug" value="true" />
    <property name="javadoc.splitindex" value="true" />
    <property name="file.separator" value="\" />
    <property name="libs.Java-EE-GlassFish-v3-Prelude.maven-pom" value="" />
    <property name="libs.junit_4.maven-pom" value="" />
    <property name="resource.dir" value="setup" />
    <property name="javac.test.processorpath" value="../../../../../Downloads/jar_files/json-simple-1.1.1.jar:build/web/WEB-INF/classes:C:\Users\Yanan Chang\Desktop\General Folder\Concordia\2018 Winter\SOEN487\tools\OpenESB-Quickstart-Standalone-v305\OpenESB-SE-3.0.5\OE-Studio\netbeans\platform\modules\ext\junit-4.10.jar:${libs.hamcrest.classpath}" />
    <property name="netbeans.buildnumber" value="201411181905" />
    <property name="libs.JWSAntTasks.javadoc" value="" />
    <property name="build.generated.sources.dir" value="build/generated-sources" />
    <property name="user.variant" value="" />
    <property name="libs.eclipselinkmodelgen.classpath" value="C:\Users\Yanan Chang\Desktop\General Folder\Concordia\2018 Winter\SOEN487\tools\OpenESB-Quickstart-Standalone-v305\OpenESB-SE-3.0.5\OE-Studio\netbeans\java\modules\ext\eclipselink\org.eclipse.persistence.jpa.modelgen_2.5.2.v20140319-9ad6abd.jar" />
    <property name="ant.file.WarehouseService1-impl" value="C:\Users\Yanan Chang\Desktop\General Folder\Concordia\2018 Winter\SOEN487\code\project\soen487-w18-team04\RetailerSystem\WarehouseService1\nbproject\build-impl.xml" />
    <property name="libs.javaee-endorsed-api-7.0.src" value="" />
    <property name="sun.java.launcher" value="SUN_STANDARD" />
    <property name="libs.junit.classpath" value="C:\Users\Yanan Chang\Desktop\General Folder\Concordia\2018 Winter\SOEN487\tools\OpenESB-Quickstart-Standalone-v305\OpenESB-SE-3.0.5\OE-Studio\netbeans\java\modules\ext\junit-3.8.2.jar" />
    <property name="libs.hibernate4-persistencemodelgen.javadoc" value="" />
    <property name="libs.jaxb.javadoc" value="C:\Users\Yanan Chang\Desktop\General Folder\Concordia\2018 Winter\SOEN487\tools\OpenESB-Quickstart-Standalone-v305\OpenESB-SE-3.0.5\OE-Studio\netbeans\ide\docs\jaxb-api-doc.zip" />
    <property name="libs.struts.classpath" value="C:\Users\Yanan Chang\Desktop\General Folder\Concordia\2018 Winter\SOEN487\tools\OpenESB-Quickstart-Standalone-v305\OpenESB-SE-3.0.5\OE-Studio\netbeans\enterprise\modules\ext\struts\antlr-2.7.2.jar;C:\Users\Yanan Chang\Desktop\General Folder\Concordia\2018 Winter\SOEN487\tools\OpenESB-Quickstart-Standalone-v305\OpenESB-SE-3.0.5\OE-Studio\netbeans\enterprise\modules\ext\struts\bsf-2.3.0.jar;C:\Users\Yanan Chang\Desktop\General Folder\Concordia\2018 Winter\SOEN487\tools\OpenESB-Quickstart-Standalone-v305\OpenESB-SE-3.0.5\OE-Studio\netbeans\enterprise\modules\ext\struts\commons-beanutils-1.8.0.jar;C:\Users\Yanan Chang\Desktop\General Folder\Concordia\2018 Winter\SOEN487\tools\OpenESB-Quickstart-Standalone-v305\OpenESB-SE-3.0.5\OE-Studio\netbeans\enterprise\modules\ext\struts\commons-chain-1.2.jar;C:\Users\Yanan Chang\Desktop\General Folder\Concordia\2018 Winter\SOEN487\tools\OpenESB-Quickstart-Standalone-v305\OpenESB-SE-3.0.5\OE-Studio\netbeans\enterprise\modules\ext\struts\commons-digester-1.8.jar;C:\Users\Yanan Chang\Desktop\General Folder\Concordia\2018 Winter\SOEN487\tools\OpenESB-Quickstart-Standalone-v305\OpenESB-SE-3.0.5\OE-Studio\netbeans\enterprise\modules\ext\struts\commons-fileupload-1.1.1.jar;C:\Users\Yanan Chang\Desktop\General Folder\Concordia\2018 Winter\SOEN487\tools\OpenESB-Quickstart-Standalone-v305\OpenESB-SE-3.0.5\OE-Studio\netbeans\enterprise\modules\ext\struts\commons-io-1.1.jar;C:\Users\Yanan Chang\Desktop\General Folder\Concordia\2018 Winter\SOEN487\tools\OpenESB-Quickstart-Standalone-v305\OpenESB-SE-3.0.5\OE-Studio\netbeans\enterprise\modules\ext\struts\commons-logging-1.0.4.jar;C:\Users\Yanan Chang\Desktop\General Folder\Concordia\2018 Winter\SOEN487\tools\OpenESB-Quickstart-Standalone-v305\OpenESB-SE-3.0.5\OE-Studio\netbeans\enterprise\modules\ext\struts\commons-validator-1.3.1.jar;C:\Users\Yanan Chang\Desktop\General Folder\Concordia\2018 Winter\SOEN487\tools\OpenESB-Quickstart-Standalone-v305\OpenESB-SE-3.0.5\OE-Studio\netbeans\enterprise\modules\ext\struts\jstl-1.0.2.jar;C:\Users\Yanan Chang\Desktop\General Folder\Concordia\2018 Winter\SOEN487\tools\OpenESB-Quickstart-Standalone-v305\OpenESB-SE-3.0.5\OE-Studio\netbeans\enterprise\modules\ext\struts\oro-2.0.8.jar;C:\Users\Yanan Chang\Desktop\General Folder\Concordia\2018 Winter\SOEN487\tools\OpenESB-Quickstart-Standalone-v305\OpenESB-SE-3.0.5\OE-Studio\netbeans\enterprise\modules\ext\struts\standard-1.0.6.jar;C:\Users\Yanan Chang\Desktop\General Folder\Concordia\2018 Winter\SOEN487\tools\OpenESB-Quickstart-Standalone-v305\OpenESB-SE-3.0.5\OE-Studio\netbeans\enterprise\modules\ext\struts\struts-core-1.3.10.jar;C:\Users\Yanan Chang\Desktop\General Folder\Concordia\2018 Winter\SOEN487\tools\OpenESB-Quickstart-Standalone-v305\OpenESB-SE-3.0.5\OE-Studio\netbeans\enterprise\modules\ext\struts\struts-el-1.3.10.jar;C:\Users\Yanan Chang\Desktop\General Folder\Concordia\2018 Winter\SOEN487\tools\OpenESB-Quickstart-Standalone-v305\OpenESB-SE-3.0.5\OE-Studio\netbeans\enterprise\modules\ext\struts\struts-extras-1.3.10.jar;C:\Users\Yanan Chang\Desktop\General Folder\Concordia\2018 Winter\SOEN487\tools\OpenESB-Quickstart-Standalone-v305\OpenESB-SE-3.0.5\OE-Studio\netbeans\enterprise\modules\ext\struts\struts-faces-1.3.10.jar;C:\Users\Yanan Chang\Desktop\General Folder\Concordia\2018 Winter\SOEN487\tools\OpenESB-Quickstart-Standalone-v305\OpenESB-SE-3.0.5\OE-Studio\netbeans\enterprise\modules\ext\struts\struts-mailreader-dao-1.3.10.jar;C:\Users\Yanan Chang\Desktop\General Folder\Concordia\2018 Winter\SOEN487\tools\OpenESB-Quickstart-Standalone-v305\OpenESB-SE-3.0.5\OE-Studio\netbeans\enterprise\modules\ext\struts\struts-scripting-1.3.10.jar;C:\Users\Yanan Chang\Desktop\General Folder\Concordia\2018 Winter\SOEN487\tools\OpenESB-Quickstart-Standalone-v305\OpenESB-SE-3.0.5\OE-Studio\netbeans\enterprise\modules\ext\struts\struts-taglib-1.3.10.jar;C:\Users\Yanan Chang\Desktop\General Folder\Concordia\2018 Winter\SOEN487\tools\OpenESB-Quickstart-Standalone-v305\OpenESB-SE-3.0.5\OE-Studio\netbeans\enterprise\modules\ext\struts\struts-tiles-1.3.10.jar" />
    <property name="application.args.param" value="" />
    <property name="ant.home" value="C:\Users\Yanan Chang\Desktop\General Folder\Concordia\2018 Winter\SOEN487\tools\OpenESB-Quickstart-Standalone-v305\OpenESB-SE-3.0.5\OE-Studio\netbeans\extide\ant" />
    <property name="libs.junit_4.src" value="C:\Users\Yanan Chang\Desktop\General Folder\Concordia\2018 Winter\SOEN487\tools\OpenESB-Quickstart-Standalone-v305\OpenESB-SE-3.0.5\OE-Studio\netbeans\java\docs\junit-4.10-sources.jar" />
    <property name="libs.testng.classpath" value="C:\Users\Yanan Chang\Desktop\General Folder\Concordia\2018 Winter\SOEN487\tools\OpenESB-Quickstart-Standalone-v305\OpenESB-SE-3.0.5\OE-Studio\netbeans\platform\modules\ext\testng-6.8.1-dist.jar" />
    <property name="conf.dir" value="src/conf" />
    <property name="webinf.dir" value="web/WEB-INF" />
    <property name="libs.absolutelayout.maven-pom" value="" />
    <property name="ant.java.version" value="1.8" />
    <property name="java.library.path" value="C:\Java\jdk1.8.0_91\jre\bin;C:\WINDOWS\Sun\Java\bin;C:\WINDOWS\system32;C:\WINDOWS;C:\Program Files (x86)\Intel\iCLS Client\;C:\ProgramData\Oracle\Java\javapath;C:\app\OracleDB\product\11.2.0\dbhome_1\bin;C:\Program Files\Intel\iCLS Client\;C:\windows\system32;C:\windows;C:\windows\System32\Wbem;C:\windows\System32\WindowsPowerShell\v1.0\;C:\Program Files (x86)\NVIDIA Corporation\PhysX\Common;C:\Program Files\WIDCOMM\Bluetooth Software\;C:\Program Files\WIDCOMM\Bluetooth Software\syswow64;C:\WINDOWS\system32;C:\WINDOWS;C:\WINDOWS\System32\Wbem;C:\WINDOWS\System32\WindowsPowerShell\v1.0\;C:\Program Files\Git\cmd;C:\Program Files\MySQL\MySQL Server 5.5\bin;C:\Program Files\TortoiseSVN\bin;C:\Java\jdk1.8.0_91\bin;C:\Program Files\PuTTY\;C:\Program Files (x86)\Bitvise SSH Client;C:\Program Files (x86)\Intel\Intel(R) Management Engine Components\DAL;C:\Program Files\Intel\Intel(R) Management Engine Components\DAL;C:\Program Files (x86)\Intel\Intel(R) Management Engine Components\IPT;C:\Program Files\Intel\Intel(R) Management Engine Components\IPT;C:\Users\Yanan Chang\AppData\Local\Programs\Python\Python36\Scripts\;C:\Users\Yanan Chang\AppData\Local\Programs\Python\Python36\;C:\Users\Yanan Chang\AppData\Local\Microsoft\WindowsApps;;C:\Program Files\Docker Toolbox;." />
    <property name="javadoc.author" value="false" />
    <property name="libs.metro.maven-pom" value="" />
    <property name="libs.Encoder-HL7.classpath" value="C:\Users\Yanan Chang\Desktop\General Folder\Concordia\2018 Winter\SOEN487\tools\OpenESB-Quickstart-Standalone-v305\OpenESB-SE-3.0.5\OE-Studio\netbeans\soa\modules\ext\hl7.jar;C:\Users\Yanan Chang\Desktop\General Folder\Concordia\2018 Winter\SOEN487\tools\OpenESB-Quickstart-Standalone-v305\OpenESB-SE-3.0.5\OE-Studio\netbeans\soa\modules\ext\hl7encoder-xsdextension.jar" />
    <property name="libs.EclipseLink-GlassFish-v3.src" value="" />
    <property name="java.util.logging.config.class" value="org.netbeans.core.startup.TopLogging" />
    <property name="libs.spring-framework400.src" value="" />
    <property name="libs.PostgreSQLDriver.src" value="" />
    <property name="sun.arch.data.model" value="64" />
    <property name="basedir" value="C:\Users\Yanan Chang\Desktop\General Folder\Concordia\2018 Winter\SOEN487\code\project\soen487-w18-team04\RetailerSystem\WarehouseService1" />
    <property name="libs.jpa20-persistence.maven-pom" value="" />
    <property name="jar.compress" value="false" />
    <property name="libs.javaee-web-api-7.0.classpath" value="C:\Users\Yanan Chang\Desktop\General Folder\Concordia\2018 Winter\SOEN487\tools\OpenESB-Quickstart-Standalone-v305\OpenESB-SE-3.0.5\OE-Studio\netbeans\enterprise\modules\ext\javaee-web-api-7.0.jar" />
    <property name="path.separator" value=";" />
    <property name="dist.war" value="dist/WarehouseService1.war" />
    <property name="libs.javaee-web-api-6.0.javadoc" value="C:\Users\Yanan Chang\Desktop\General Folder\Concordia\2018 Winter\SOEN487\tools\OpenESB-Quickstart-Standalone-v305\OpenESB-SE-3.0.5\OE-Studio\netbeans\enterprise\docs\javaee-doc-api.jar" />
    <property name="ant.junit.enabletestlistenerevents" value="true" />
    <property name="sun.io.unicode.encoding" value="UnicodeLittle" />
    <property name="libs.jaxws21.classpath" value="C:\Users\Yanan Chang\Desktop\General Folder\Concordia\2018 Winter\SOEN487\tools\OpenESB-Quickstart-Standalone-v305\OpenESB-SE-3.0.5\OE-Studio\netbeans\ide\modules\ext\jaxb\jaxb-impl.jar;C:\Users\Yanan Chang\Desktop\General Folder\Concordia\2018 Winter\SOEN487\tools\OpenESB-Quickstart-Standalone-v305\OpenESB-SE-3.0.5\OE-Studio\netbeans\ide\modules\ext\jaxb\jaxb-xjc.jar;C:\Users\Yanan Chang\Desktop\General Folder\Concordia\2018 Winter\SOEN487\tools\OpenESB-Quickstart-Standalone-v305\OpenESB-SE-3.0.5\OE-Studio\netbeans\java\modules\ext\jaxws22\FastInfoset.jar;C:\Users\Yanan Chang\Desktop\General Folder\Concordia\2018 Winter\SOEN487\tools\OpenESB-Quickstart-Standalone-v305\OpenESB-SE-3.0.5\OE-Studio\netbeans\java\modules\ext\jaxws22\gmbal-api-only.jar;C:\Users\Yanan Chang\Desktop\General Folder\Concordia\2018 Winter\SOEN487\tools\OpenESB-Quickstart-Standalone-v305\OpenESB-SE-3.0.5\OE-Studio\netbeans\java\modules\ext\jaxws22\ha-api.jar;C:\Users\Yanan Chang\Desktop\General Folder\Concordia\2018 Winter\SOEN487\tools\OpenESB-Quickstart-Standalone-v305\OpenESB-SE-3.0.5\OE-Studio\netbeans\java\modules\ext\jaxws22\javax.mail_1.4.jar;C:\Users\Yanan Chang\Desktop\General Folder\Concordia\2018 Winter\SOEN487\tools\OpenESB-Quickstart-Standalone-v305\OpenESB-SE-3.0.5\OE-Studio\netbeans\java\modules\ext\jaxws22\jaxws-rt.jar;C:\Users\Yanan Chang\Desktop\General Folder\Concordia\2018 Winter\SOEN487\tools\OpenESB-Quickstart-Standalone-v305\OpenESB-SE-3.0.5\OE-Studio\netbeans\java\modules\ext\jaxws22\jaxws-tools.jar;C:\Users\Yanan Chang\Desktop\General Folder\Concordia\2018 Winter\SOEN487\tools\OpenESB-Quickstart-Standalone-v305\OpenESB-SE-3.0.5\OE-Studio\netbeans\java\modules\ext\jaxws22\management-api.jar;C:\Users\Yanan Chang\Desktop\General Folder\Concordia\2018 Winter\SOEN487\tools\OpenESB-Quickstart-Standalone-v305\OpenESB-SE-3.0.5\OE-Studio\netbeans\java\modules\ext\jaxws22\mimepull.jar;C:\Users\Yanan Chang\Desktop\General Folder\Concordia\2018 Winter\SOEN487\tools\OpenESB-Quickstart-Standalone-v305\OpenESB-SE-3.0.5\OE-Studio\netbeans\java\modules\ext\jaxws22\policy.jar;C:\Users\Yanan Chang\Desktop\General Folder\Concordia\2018 Winter\SOEN487\tools\OpenESB-Quickstart-Standalone-v305\OpenESB-SE-3.0.5\OE-Studio\netbeans\java\modules\ext\jaxws22\saaj-impl.jar;C:\Users\Yanan Chang\Desktop\General Folder\Concordia\2018 Winter\SOEN487\tools\OpenESB-Quickstart-Standalone-v305\OpenESB-SE-3.0.5\OE-Studio\netbeans\java\modules\ext\jaxws22\stax-ex.jar;C:\Users\Yanan Chang\Desktop\General Folder\Concordia\2018 Winter\SOEN487\tools\OpenESB-Quickstart-Standalone-v305\OpenESB-SE-3.0.5\OE-Studio\netbeans\java\modules\ext\jaxws22\stax2-api.jar;C:\Users\Yanan Chang\Desktop\General Folder\Concordia\2018 Winter\SOEN487\tools\OpenESB-Quickstart-Standalone-v305\OpenESB-SE-3.0.5\OE-Studio\netbeans\java\modules\ext\jaxws22\streambuffer.jar;C:\Users\Yanan Chang\Desktop\General Folder\Concordia\2018 Winter\SOEN487\tools\OpenESB-Quickstart-Standalone-v305\OpenESB-SE-3.0.5\OE-Studio\netbeans\java\modules\ext\jaxws22\woodstox-core-asl.jar;C:\Users\Yanan Chang\Desktop\General Folder\Concordia\2018 Winter\SOEN487\tools\OpenESB-Quickstart-Standalone-v305\OpenESB-SE-3.0.5\OE-Studio\netbeans\java\modules\ext\jaxws22\api\jaxws-api.jar;C:\Users\Yanan Chang\Desktop\General Folder\Concordia\2018 Winter\SOEN487\tools\OpenESB-Quickstart-Standalone-v305\OpenESB-SE-3.0.5\OE-Studio\netbeans\java\modules\ext\jaxws22\api\jsr181-api.jar;C:\Users\Yanan Chang\Desktop\General Folder\Concordia\2018 Winter\SOEN487\tools\OpenESB-Quickstart-Standalone-v305\OpenESB-SE-3.0.5\OE-Studio\netbeans\java\modules\ext\jaxws22\api\javax.annotation.jar;C:\Users\Yanan Chang\Desktop\General Folder\Concordia\2018 Winter\SOEN487\tools\OpenESB-Quickstart-Standalone-v305\OpenESB-SE-3.0.5\OE-Studio\netbeans\java\modules\ext\jaxws22\api\saaj-api.jar;C:\Users\Yanan Chang\Desktop\General Folder\Concordia\2018 Winter\SOEN487\tools\OpenESB-Quickstart-Standalone-v305\OpenESB-SE-3.0.5\OE-Studio\netbeans\ide\modules\ext\jaxb\activation.jar;C:\Users\Yanan Chang\Desktop\General Folder\Concordia\2018 Winter\SOEN487\tools\OpenESB-Quickstart-Standalone-v305\OpenESB-SE-3.0.5\OE-Studio\netbeans\ide\modules\ext\jaxb\api\jaxb-api.jar;C:\Users\Yanan Chang\Desktop\General Folder\Concordia\2018 Winter\SOEN487\tools\OpenESB-Quickstart-Standalone-v305\OpenESB-SE-3.0.5\OE-Studio\netbeans\ide\modules\ext\jaxb\api\jsr173_1.0_api.jar" />
    <property name="libs.struts.src" value="" />
    <property name="user.language" value="en" />
    <property name="libs.Encoder-Framework.src" value="" />
    <property name="j2ee.platform.classpath" value="C:/Users/Yanan Chang/GlassFish_Server/glassfish/modules/endorsed/javax.annotation-api.jar:C:/Users/Yanan Chang/GlassFish_Server/glassfish/modules/endorsed/jaxb-api.jar:C:/Users/Yanan Chang/GlassFish_Server/glassfish/modules/endorsed/webservices-api-osgi.jar:C:/Users/Yanan Chang/GlassFish_Server/glassfish/modules/bean-validator.jar:C:/Users/Yanan Chang/GlassFish_Server/glassfish/modules/javax.batch-api.jar:C:/Users/Yanan Chang/GlassFish_Server/glassfish/modules/javax.ejb-api.jar:C:/Users/Yanan Chang/GlassFish_Server/glassfish/modules/javax.el.jar:C:/Users/Yanan Chang/GlassFish_Server/glassfish/modules/javax.enterprise.concurrent-api.jar:C:/Users/Yanan Chang/GlassFish_Server/glassfish/modules/javax.enterprise.concurrent.jar:C:/Users/Yanan Chang/GlassFish_Server/glassfish/modules/javax.enterprise.deploy-api.jar:C:/Users/Yanan Chang/GlassFish_Server/glassfish/modules/javax.faces.jar:C:/Users/Yanan Chang/GlassFish_Server/glassfish/modules/javax.inject.jar:C:/Users/Yanan Chang/GlassFish_Server/glassfish/modules/javax.interceptor-api.jar:C:/Users/Yanan Chang/GlassFish_Server/glassfish/modules/javax.jms-api.jar:C:/Users/Yanan Chang/GlassFish_Server/glassfish/modules/javax.json.jar:C:/Users/Yanan Chang/GlassFish_Server/glassfish/modules/javax.mail.jar:C:/Users/Yanan Chang/GlassFish_Server/glassfish/modules/javax.management.j2ee-api.jar:C:/Users/Yanan Chang/GlassFish_Server/glassfish/modules/javax.persistence.jar:C:/Users/Yanan Chang/GlassFish_Server/glassfish/modules/javax.resource-api.jar:C:/Users/Yanan Chang/GlassFish_Server/glassfish/modules/javax.security.auth.message-api.jar:C:/Users/Yanan Chang/GlassFish_Server/glassfish/modules/javax.security.jacc-api.jar:C:/Users/Yanan Chang/GlassFish_Server/glassfish/modules/javax.servlet-api.jar:C:/Users/Yanan Chang/GlassFish_Server/glassfish/modules/javax.servlet.jsp-api.jar:C:/Users/Yanan Chang/GlassFish_Server/glassfish/modules/javax.servlet.jsp.jar:C:/Users/Yanan Chang/GlassFish_Server/glassfish/modules/javax.servlet.jsp.jstl-api.jar:C:/Users/Yanan Chang/GlassFish_Server/glassfish/modules/javax.servlet.jsp.jstl.jar:C:/Users/Yanan Chang/GlassFish_Server/glassfish/modules/javax.transaction-api.jar:C:/Users/Yanan Chang/GlassFish_Server/glassfish/modules/javax.websocket-api.jar:C:/Users/Yanan Chang/GlassFish_Server/glassfish/modules/javax.ws.rs-api.jar:C:/Users/Yanan Chang/GlassFish_Server/glassfish/modules/javax.xml.registry-api.jar:C:/Users/Yanan Chang/GlassFish_Server/glassfish/modules/javax.xml.rpc-api.jar:C:/Users/Yanan Chang/GlassFish_Server/glassfish/modules/jaxb-osgi.jar:C:/Users/Yanan Chang/GlassFish_Server/glassfish/modules/webservices-osgi.jar:C:/Users/Yanan Chang/GlassFish_Server/glassfish/modules/weld-osgi-bundle.jar:C:/Users/Yanan Chang/GlassFish_Server/mq/lib/jaxm-api.jar" />
    <property name="testng.mode" value="testng" />
    <property name="libs.JAXB-ENDORSED.maven-pom" value="" />
    <property name="libs.eclipselink.maven-pom" value="" />
    <property name="build.meta.inf.dir" value="build/web/META-INF" />
    <property name="persistence.xml.dir" value="src/conf" />
    <property name="test.binaryincludes" value="&lt;nothing&gt;" />
    <property name="libs.primefaces.javadoc" value="" />
    <property name="libs.spring-framework300.maven-pom" value="" />
    <property name="run.test.classpath" value="../../../../../Downloads/jar_files/json-simple-1.1.1.jar:build/web/WEB-INF/classes:C:\Users\Yanan Chang\Desktop\General Folder\Concordia\2018 Winter\SOEN487\tools\OpenESB-Quickstart-Standalone-v305\OpenESB-SE-3.0.5\OE-Studio\netbeans\platform\modules\ext\junit-4.10.jar:${libs.hamcrest.classpath}:build/test/classes" />
    <property name="ant.project.invoked-targets" value="test" />
    <property name="libs.Encoder-Framework.classpath" value="C:\Users\Yanan Chang\Desktop\General Folder\Concordia\2018 Winter\SOEN487\tools\OpenESB-Quickstart-Standalone-v305\OpenESB-SE-3.0.5\OE-Studio\netbeans\soa\modules\ext\encoderframework.jar;C:\Users\Yanan Chang\Desktop\General Folder\Concordia\2018 Winter\SOEN487\tools\OpenESB-Quickstart-Standalone-v305\OpenESB-SE-3.0.5\OE-Studio\netbeans\soa\modules\ext\encoderfrmwk-xsdextension.jar;C:\Users\Yanan Chang\Desktop\General Folder\Concordia\2018 Winter\SOEN487\tools\OpenESB-Quickstart-Standalone-v305\OpenESB-SE-3.0.5\OE-Studio\netbeans\soa\modules\ext\xbean.jar" />
    <property name="test.binaryexcludes" value="" />
    <property name="libs.swing-layout.javadoc" value="C:\Users\Yanan Chang\Desktop\General Folder\Concordia\2018 Winter\SOEN487\tools\OpenESB-Quickstart-Standalone-v305\OpenESB-SE-3.0.5\OE-Studio\netbeans\platform\docs\swing-layout-1.0.4-doc.zip" />
    <property name="sun.java2d.d3d" value="false" />
    <property name="libs.hibernate4-persistence.maven-pom" value="" />
    <property name="jspc.schemas" value="/resources/schemas/" />
    <property name="https.nonProxyHosts" value="localhost|127.0.0.1|WINDOWS-6HC41U4" />
    <property name="libs.PostgreSQLDriver.maven-pom" value="" />
    <property name="java.class.version" value="52.0" />
    <property name="libs.JAVADB_DRIVER_LABEL.classpath" value="C:\Java\jdk1.8.0_91\db\lib\derby.jar;C:\Java\jdk1.8.0_91\db\lib\derbyclient.jar;C:\Java\jdk1.8.0_91\db\lib\derbynet.jar" />
    <property name="libs.hibernate4-persistencemodelgen.maven-pom" value="" />
    <property name="libs.javaee-endorsed-api-6.0.src" value="" />
    <property name="libs.eclipselink.javadoc" value="C:\Users\Yanan Chang\Desktop\General Folder\Concordia\2018 Winter\SOEN487\tools\OpenESB-Quickstart-Standalone-v305\OpenESB-SE-3.0.5\OE-Studio\netbeans\java\modules\ext\docs\javax.persistence-2.1.0-doc.zip" />
    <property name="libs.jsp-compilation.maven-pom" value="" />
    <property name="user.properties.file" value="C:\Users\Yanan Chang\AppData\Roaming\.openesb_studio\3.1.0-SNAPSHOT\build.properties" />
    <property name="build.web.dir" value="build/web" />
    <property name="libs.javac-api.maven-pom" value="" />
    <property name="file.encoding.pkg" value="sun.io" />
    <property name="sun.cpu.endian" value="little" />
    <property name="libs.JAXB-ENDORSED.javadoc" value="" />
    <property name="j2ee.server.middleware" value="C:/Users/Yanan Chang/GlassFish_Server" />
    <property name="libs.JWSAntTasks.classpath" value="C:\Users\Yanan Chang\Desktop\General Folder\Concordia\2018 Winter\SOEN487\tools\OpenESB-Quickstart-Standalone-v305\OpenESB-SE-3.0.5\OE-Studio\netbeans\java\ant\extra\org-netbeans-modules-javawebstart-anttasks.jar" />
    <property name="libs.spring-webmvc4.0.maven-pom" value="" />
    <property name="libs.spring-framework300.src" value="" />
    <property name="libs.PojoSELib.src" value="C:\Users\Yanan Chang\Desktop\General Folder\Concordia\2018 Winter\SOEN487\tools\OpenESB-Quickstart-Standalone-v305\OpenESB-SE-3.0.5\OE-Studio\netbeans\soa\modules\ext\sun-pojo-engine-api-src.jar" />
    <property name="libs.jstl.src" value="" />
    <property name="empty.dir" value="C:\Users\Yanan Chang\Desktop\General Folder\Concordia\2018 Winter\SOEN487\code\project\soen487-w18-team04\RetailerSystem\WarehouseService1\build\empty" />
    <property name="display.browser" value="true" />
    <property name="version-output" value="java version &quot;1.8" />
    <property name="test.binarytestincludes" value="" />
    <property name="libs.hibernate4-persistencemodelgen.src" value="" />
    <property name="javadoc.preview" value="true" />
    <property name="libs.jpa20-persistence.javadoc" value="C:\Users\Yanan Chang\Desktop\General Folder\Concordia\2018 Winter\SOEN487\tools\OpenESB-Quickstart-Standalone-v305\OpenESB-SE-3.0.5\OE-Studio\netbeans\java\modules\ext\docs\javax.persistence-2.1.0-doc.zip" />
    <property name="java.home" value="C:\Java\jdk1.8.0_91\jre" />
    <property name="libs.jsp-compilation.src" value="" />
    <property name="debug.test.classpath" value="../../../../../Downloads/jar_files/json-simple-1.1.1.jar:build/web/WEB-INF/classes:C:\Users\Yanan Chang\Desktop\General Folder\Concordia\2018 Winter\SOEN487\tools\OpenESB-Quickstart-Standalone-v305\OpenESB-SE-3.0.5\OE-Studio\netbeans\platform\modules\ext\junit-4.10.jar:${libs.hamcrest.classpath}:build/test/classes" />
    <property name="libs.javaee-endorsed-api-6.0.classpath" value="C:\Users\Yanan Chang\Desktop\General Folder\Concordia\2018 Winter\SOEN487\tools\OpenESB-Quickstart-Standalone-v305\OpenESB-SE-3.0.5\OE-Studio\netbeans\enterprise\modules\ext\javaee6-endorsed\javax.annotation.jar;C:\Users\Yanan Chang\Desktop\General Folder\Concordia\2018 Winter\SOEN487\tools\OpenESB-Quickstart-Standalone-v305\OpenESB-SE-3.0.5\OE-Studio\netbeans\enterprise\modules\ext\javaee6-endorsed\jaxb-api-osgi.jar;C:\Users\Yanan Chang\Desktop\General Folder\Concordia\2018 Winter\SOEN487\tools\OpenESB-Quickstart-Standalone-v305\OpenESB-SE-3.0.5\OE-Studio\netbeans\enterprise\modules\ext\javaee6-endorsed\webservices-api-osgi.jar" />
    <property name="libs.javaee-api-6.0.src" value="" />
    <property name="ant.project.default-target" value="default" />
    <property name="annotation.processing.run.all.processors" value="true" />
    <property name="libs.PostgreSQLDriver.javadoc" value="" />
    <property name="libs.restlib.classpath" value="C:\Users\Yanan Chang\Desktop\General Folder\Concordia\2018 Winter\SOEN487\tools\OpenESB-Quickstart-Standalone-v305\OpenESB-SE-3.0.5\OE-Studio\netbeans\enterprise\modules\ext\jersey2\ext\asm-all-repackaged-2.2.0-b21.jar;C:\Users\Yanan Chang\Desktop\General Folder\Concordia\2018 Winter\SOEN487\tools\OpenESB-Quickstart-Standalone-v305\OpenESB-SE-3.0.5\OE-Studio\netbeans\enterprise\modules\ext\jersey2\ext\cglib-2.2.0-b21.jar;C:\Users\Yanan Chang\Desktop\General Folder\Concordia\2018 Winter\SOEN487\tools\OpenESB-Quickstart-Standalone-v305\OpenESB-SE-3.0.5\OE-Studio\netbeans\enterprise\modules\ext\jersey2\ext\guava-14.0.1.jar;C:\Users\Yanan Chang\Desktop\General Folder\Concordia\2018 Winter\SOEN487\tools\OpenESB-Quickstart-Standalone-v305\OpenESB-SE-3.0.5\OE-Studio\netbeans\enterprise\modules\ext\jersey2\ext\hk2-api-2.2.0-b21.jar;C:\Users\Yanan Chang\Desktop\General Folder\Concordia\2018 Winter\SOEN487\tools\OpenESB-Quickstart-Standalone-v305\OpenESB-SE-3.0.5\OE-Studio\netbeans\enterprise\modules\ext\jersey2\ext\hk2-locator-2.2.0-b21.jar;C:\Users\Yanan Chang\Desktop\General Folder\Concordia\2018 Winter\SOEN487\tools\OpenESB-Quickstart-Standalone-v305\OpenESB-SE-3.0.5\OE-Studio\netbeans\enterprise\modules\ext\jersey2\ext\hk2-utils-2.2.0-b21.jar;C:\Users\Yanan Chang\Desktop\General Folder\Concordia\2018 Winter\SOEN487\tools\OpenESB-Quickstart-Standalone-v305\OpenESB-SE-3.0.5\OE-Studio\netbeans\enterprise\modules\ext\jersey2\ext\javax.annotation-api-1.2.jar;C:\Users\Yanan Chang\Desktop\General Folder\Concordia\2018 Winter\SOEN487\tools\OpenESB-Quickstart-Standalone-v305\OpenESB-SE-3.0.5\OE-Studio\netbeans\enterprise\modules\ext\jersey2\ext\javax.inject-2.2.0-b21.jar;C:\Users\Yanan Chang\Desktop\General Folder\Concordia\2018 Winter\SOEN487\tools\OpenESB-Quickstart-Standalone-v305\OpenESB-SE-3.0.5\OE-Studio\netbeans\enterprise\modules\ext\jersey2\ext\javax.servlet-api-3.0.1.jar;C:\Users\Yanan Chang\Desktop\General Folder\Concordia\2018 Winter\SOEN487\tools\OpenESB-Quickstart-Standalone-v305\OpenESB-SE-3.0.5\OE-Studio\netbeans\enterprise\modules\ext\jersey2\ext\jaxb-api-2.2.7.jar;C:\Users\Yanan Chang\Desktop\General Folder\Concordia\2018 Winter\SOEN487\tools\OpenESB-Quickstart-Standalone-v305\OpenESB-SE-3.0.5\OE-Studio\netbeans\enterprise\modules\ext\jersey2\ext\jersey-entity-filtering-2.5.1.jar;C:\Users\Yanan Chang\Desktop\General Folder\Concordia\2018 Winter\SOEN487\tools\OpenESB-Quickstart-Standalone-v305\OpenESB-SE-3.0.5\OE-Studio\netbeans\enterprise\modules\ext\jersey2\ext\jersey-media-moxy-2.5.1.jar;C:\Users\Yanan Chang\Desktop\General Folder\Concordia\2018 Winter\SOEN487\tools\OpenESB-Quickstart-Standalone-v305\OpenESB-SE-3.0.5\OE-Studio\netbeans\enterprise\modules\ext\jersey2\ext\org.osgi.core-4.2.0.jar;C:\Users\Yanan Chang\Desktop\General Folder\Concordia\2018 Winter\SOEN487\tools\OpenESB-Quickstart-Standalone-v305\OpenESB-SE-3.0.5\OE-Studio\netbeans\enterprise\modules\ext\jersey2\ext\osgi-resource-locator-1.0.1.jar;C:\Users\Yanan Chang\Desktop\General Folder\Concordia\2018 Winter\SOEN487\tools\OpenESB-Quickstart-Standalone-v305\OpenESB-SE-3.0.5\OE-Studio\netbeans\enterprise\modules\ext\jersey2\ext\persistence-api-1.0.jar;C:\Users\Yanan Chang\Desktop\General Folder\Concordia\2018 Winter\SOEN487\tools\OpenESB-Quickstart-Standalone-v305\OpenESB-SE-3.0.5\OE-Studio\netbeans\enterprise\modules\ext\jersey2\ext\validation-api-1.1.0.Final.jar;C:\Users\Yanan Chang\Desktop\General Folder\Concordia\2018 Winter\SOEN487\tools\OpenESB-Quickstart-Standalone-v305\OpenESB-SE-3.0.5\OE-Studio\netbeans\enterprise\modules\ext\jersey2\jersey-client.jar;C:\Users\Yanan Chang\Desktop\General Folder\Concordia\2018 Winter\SOEN487\tools\OpenESB-Quickstart-Standalone-v305\OpenESB-SE-3.0.5\OE-Studio\netbeans\enterprise\modules\ext\jersey2\jersey-common.jar;C:\Users\Yanan Chang\Desktop\General Folder\Concordia\2018 Winter\SOEN487\tools\OpenESB-Quickstart-Standalone-v305\OpenESB-SE-3.0.5\OE-Studio\netbeans\enterprise\modules\ext\jersey2\jersey-container-servlet.jar;C:\Users\Yanan Chang\Desktop\General Folder\Concordia\2018 Winter\SOEN487\tools\OpenESB-Quickstart-Standalone-v305\OpenESB-SE-3.0.5\OE-Studio\netbeans\enterprise\modules\ext\jersey2\jersey-container-servlet-core.jar;C:\Users\Yanan Chang\Desktop\General Folder\Concordia\2018 Winter\SOEN487\tools\OpenESB-Quickstart-Standalone-v305\OpenESB-SE-3.0.5\OE-Studio\netbeans\enterprise\modules\ext\jersey2\jersey-server.jar;C:\Users\Yanan Chang\Desktop\General Folder\Concordia\2018 Winter\SOEN487\tools\OpenESB-Quickstart-Standalone-v305\OpenESB-SE-3.0.5\OE-Studio\netbeans\java\modules\ext\eclipselink\eclipselink.jar" />
    <property name="libs.MySQLDriver.maven-pom" value="" />
    <property name="j2ee.platform.wsgen.classpath" value="C:/Users/Yanan Chang/GlassFish_Server/glassfish/modules/webservices-osgi.jar:C:/Users/Yanan Chang/GlassFish_Server/glassfish/modules/endorsed/webservices-api-osgi.jar:C:/Users/Yanan Chang/GlassFish_Server/glassfish/modules/jaxb-osgi.jar:C:/Users/Yanan Chang/GlassFish_Server/glassfish/modules/endorsed/jaxb-api.jar" />
    <property name="libs.hibernate4-persistence.javadoc" value="C:\Users\Yanan Chang\Desktop\General Folder\Concordia\2018 Winter\SOEN487\tools\OpenESB-Quickstart-Standalone-v305\OpenESB-SE-3.0.5\OE-Studio\netbeans\java\modules\ext\docs\javax.persistence-2.1.0-doc.zip" />
    <property name="http.nonProxyHosts" value="localhost|127.0.0.1|WINDOWS-6HC41U4" />
    <property name="libs.junit_4.javadoc" value="C:\Users\Yanan Chang\Desktop\General Folder\Concordia\2018 Winter\SOEN487\tools\OpenESB-Quickstart-Standalone-v305\OpenESB-SE-3.0.5\OE-Studio\netbeans\java\docs\junit-4.10-javadoc.jar" />
    <property name="libs.EclipseLink-GlassFish-v3.maven-pom" value="" />
    <property name="libs.javaee-web-api-6.0.maven-pom" value="" />
    <property name="j2ee.deploy.on.save" value="true" />
    <property name="jna.boot.library.name" value="jnidispatch-410" />
    <property name="libs.javaee-endorsed-api-6.0.javadoc" value="C:\Users\Yanan Chang\Desktop\General Folder\Concordia\2018 Winter\SOEN487\tools\OpenESB-Quickstart-Standalone-v305\OpenESB-SE-3.0.5\OE-Studio\netbeans\enterprise\docs\javaee-doc-api.jar" />
    <property name="libs.javaee-api-7.0.classpath" value="C:\Users\Yanan Chang\Desktop\General Folder\Concordia\2018 Winter\SOEN487\tools\OpenESB-Quickstart-Standalone-v305\OpenESB-SE-3.0.5\OE-Studio\netbeans\enterprise\modules\ext\javaee-api-7.0.jar" />
    <property name="sun.awt.datatransfer.timeout" value="1000" />
    <property name="libs.PojoSELib.classpath" value="C:\Users\Yanan Chang\Desktop\General Folder\Concordia\2018 Winter\SOEN487\tools\OpenESB-Quickstart-Standalone-v305\OpenESB-SE-3.0.5\OE-Studio\netbeans\soa\modules\ext\sun-pojo-engine-api.jar;C:\Users\Yanan Chang\Desktop\General Folder\Concordia\2018 Winter\SOEN487\tools\OpenESB-Quickstart-Standalone-v305\OpenESB-SE-3.0.5\OE-Studio\netbeans\soa\modules\ext\jbi.jar" />
    <property name="libs.spring-webmvc3.0.javadoc" value="" />
    <property name="libs.jpa2-persistence.maven-pom" value="" />
    <property name="annotation.processing.enabled.in.editor" value="true" />
    <property name="libs.hibernate4-support.classpath" value="C:\Users\Yanan Chang\Desktop\General Folder\Concordia\2018 Winter\SOEN487\tools\OpenESB-Quickstart-Standalone-v305\OpenESB-SE-3.0.5\OE-Studio\netbeans\java\modules\ext\hibernate4\antlr-2.7.7.jar;C:\Users\Yanan Chang\Desktop\General Folder\Concordia\2018 Winter\SOEN487\tools\OpenESB-Quickstart-Standalone-v305\OpenESB-SE-3.0.5\OE-Studio\netbeans\java\modules\ext\hibernate4\c3p0-0.9.2.1.jar;C:\Users\Yanan Chang\Desktop\General Folder\Concordia\2018 Winter\SOEN487\tools\OpenESB-Quickstart-Standalone-v305\OpenESB-SE-3.0.5\OE-Studio\netbeans\java\modules\ext\hibernate4\hibernate-c3p0-4.3.1.Final.jar;C:\Users\Yanan Chang\Desktop\General Folder\Concordia\2018 Winter\SOEN487\tools\OpenESB-Quickstart-Standalone-v305\OpenESB-SE-3.0.5\OE-Studio\netbeans\java\modules\ext\hibernate4\mchange-commons-java-0.2.3.4.jar;C:\Users\Yanan Chang\Desktop\General Folder\Concordia\2018 Winter\SOEN487\tools\OpenESB-Quickstart-Standalone-v305\OpenESB-SE-3.0.5\OE-Studio\netbeans\java\modules\ext\hibernate4\dom4j-1.6.1.jar;C:\Users\Yanan Chang\Desktop\General Folder\Concordia\2018 Winter\SOEN487\tools\OpenESB-Quickstart-Standalone-v305\OpenESB-SE-3.0.5\OE-Studio\netbeans\java\modules\ext\hibernate4\ehcache-core-2.4.3.jar;C:\Users\Yanan Chang\Desktop\General Folder\Concordia\2018 Winter\SOEN487\tools\OpenESB-Quickstart-Standalone-v305\OpenESB-SE-3.0.5\OE-Studio\netbeans\java\modules\ext\hibernate4\hibernate-ehcache-4.3.1.Final.jar;C:\Users\Yanan Chang\Desktop\General Folder\Concordia\2018 Winter\SOEN487\tools\OpenESB-Quickstart-Standalone-v305\OpenESB-SE-3.0.5\OE-Studio\netbeans\java\modules\ext\hibernate4\hibernate-core-4.3.1.Final.jar;C:\Users\Yanan Chang\Desktop\General Folder\Concordia\2018 Winter\SOEN487\tools\OpenESB-Quickstart-Standalone-v305\OpenESB-SE-3.0.5\OE-Studio\netbeans\java\modules\ext\hibernate4\jboss-logging-3.1.3.GA.jar;C:\Users\Yanan Chang\Desktop\General Folder\Concordia\2018 Winter\SOEN487\tools\OpenESB-Quickstart-Standalone-v305\OpenESB-SE-3.0.5\OE-Studio\netbeans\java\modules\ext\hibernate4\hibernate-commons-annotations-4.0.4.Final.jar;C:\Users\Yanan Chang\Desktop\General Folder\Concordia\2018 Winter\SOEN487\tools\OpenESB-Quickstart-Standalone-v305\OpenESB-SE-3.0.5\OE-Studio\netbeans\java\modules\ext\hibernate4\hibernate-entitymanager-4.3.1.Final.jar;C:\Users\Yanan Chang\Desktop\General Folder\Concordia\2018 Winter\SOEN487\tools\OpenESB-Quickstart-Standalone-v305\OpenESB-SE-3.0.5\OE-Studio\netbeans\java\modules\ext\hibernate4\javassist-3.18.1-GA.jar;C:\Users\Yanan Chang\Desktop\General Folder\Concordia\2018 Winter\SOEN487\tools\OpenESB-Quickstart-Standalone-v305\OpenESB-SE-3.0.5\OE-Studio\netbeans\java\modules\ext\hibernate4\jboss-transaction-api_1.2_spec-1.0.0.Final.jar;C:\Users\Yanan Chang\Desktop\General Folder\Concordia\2018 Winter\SOEN487\tools\OpenESB-Quickstart-Standalone-v305\OpenESB-SE-3.0.5\OE-Studio\netbeans\java\modules\ext\hibernate4\slf4j-api-1.6.1.jar;C:\Users\Yanan Chang\Desktop\General Folder\Concordia\2018 Winter\SOEN487\tools\OpenESB-Quickstart-Standalone-v305\OpenESB-SE-3.0.5\OE-Studio\netbeans\java\modules\ext\hibernate4\slf4j-simple-1.6.1.jar" />
    <property name="nb.native.filechooser" value="false" />
    <property name="libs.restapi.src" value="" />
    <property name="sun.management.compiler" value="HotSpot 64-Bit Tiered Compilers" />
    <property name="javac.deprecation" value="false" />
    <property name="javadoc.use" value="true" />
    <property name="client.urlPart" value="" />
    <property name="sun.java2d.noddraw" value="true" />
    <property name="libs.jsp-compiler.classpath" value="C:\Users\Yanan Chang\Desktop\General Folder\Concordia\2018 Winter\SOEN487\tools\OpenESB-Quickstart-Standalone-v305\OpenESB-SE-3.0.5\OE-Studio\netbeans\enterprise\ant\extra\jspcompile.jar" />
    <property name="dist.ear.war" value="dist/WarehouseService1.war" />
    <property name="javac.processorpath" value="../../../../../Downloads/jar_files/json-simple-1.1.1.jar" />
    <property name="javac.compilerargs" value="" />
    <property name="ant.file" value="C:\Users\Yanan Chang\Desktop\General Folder\Concordia\2018 Winter\SOEN487\code\project\soen487-w18-team04\RetailerSystem\WarehouseService1\build.xml" />
    <property name="libs.beans-binding.maven-pom" value="" />
    <property name="libs.hibernate4-support.javadoc" value="C:\Users\Yanan Chang\Desktop\General Folder\Concordia\2018 Winter\SOEN487\tools\OpenESB-Quickstart-Standalone-v305\OpenESB-SE-3.0.5\OE-Studio\netbeans\java\modules\ext\docs\javax.persistence-2.1.0-doc.zip" />
    <property name="libs.jsf12.classpath" value="C:\Users\Yanan Chang\Desktop\General Folder\Concordia\2018 Winter\SOEN487\tools\OpenESB-Quickstart-Standalone-v305\OpenESB-SE-3.0.5\OE-Studio\netbeans\enterprise\modules\ext\jsf-1_2\commons-beanutils.jar;C:\Users\Yanan Chang\Desktop\General Folder\Concordia\2018 Winter\SOEN487\tools\OpenESB-Quickstart-Standalone-v305\OpenESB-SE-3.0.5\OE-Studio\netbeans\enterprise\modules\ext\jsf-1_2\commons-collections.jar;C:\Users\Yanan Chang\Desktop\General Folder\Concordia\2018 Winter\SOEN487\tools\OpenESB-Quickstart-Standalone-v305\OpenESB-SE-3.0.5\OE-Studio\netbeans\enterprise\modules\ext\jsf-1_2\commons-digester.jar;C:\Users\Yanan Chang\Desktop\General Folder\Concordia\2018 Winter\SOEN487\tools\OpenESB-Quickstart-Standalone-v305\OpenESB-SE-3.0.5\OE-Studio\netbeans\enterprise\modules\ext\jsf-1_2\commons-logging.jar;C:\Users\Yanan Chang\Desktop\General Folder\Concordia\2018 Winter\SOEN487\tools\OpenESB-Quickstart-Standalone-v305\OpenESB-SE-3.0.5\OE-Studio\netbeans\enterprise\modules\ext\jsf-1_2\jsf-api.jar;C:\Users\Yanan Chang\Desktop\General Folder\Concordia\2018 Winter\SOEN487\tools\OpenESB-Quickstart-Standalone-v305\OpenESB-SE-3.0.5\OE-Studio\netbeans\enterprise\modules\ext\jsf-1_2\jsf-impl.jar" />
    <property name="libs.Java-EE-GlassFish-v3-Prelude.classpath" value="C:\Users\Yanan Chang\GlassFish_Server\glassfish\modules\endorsed\javax.annotation-api.jar;C:\Users\Yanan Chang\GlassFish_Server\glassfish\modules\endorsed\jaxb-api.jar;C:\Users\Yanan Chang\GlassFish_Server\glassfish\modules\endorsed\webservices-api-osgi.jar;C:\Users\Yanan Chang\GlassFish_Server\glassfish\modules\bean-validator.jar;C:\Users\Yanan Chang\GlassFish_Server\glassfish\modules\javax.batch-api.jar;C:\Users\Yanan Chang\GlassFish_Server\glassfish\modules\javax.ejb-api.jar;C:\Users\Yanan Chang\GlassFish_Server\glassfish\modules\javax.el.jar;C:\Users\Yanan Chang\GlassFish_Server\glassfish\modules\javax.enterprise.concurrent-api.jar;C:\Users\Yanan Chang\GlassFish_Server\glassfish\modules\javax.enterprise.concurrent.jar;C:\Users\Yanan Chang\GlassFish_Server\glassfish\modules\javax.enterprise.deploy-api.jar;C:\Users\Yanan Chang\GlassFish_Server\glassfish\modules\javax.faces.jar;C:\Users\Yanan Chang\GlassFish_Server\glassfish\modules\javax.inject.jar;C:\Users\Yanan Chang\GlassFish_Server\glassfish\modules\javax.interceptor-api.jar;C:\Users\Yanan Chang\GlassFish_Server\glassfish\modules\javax.jms-api.jar;C:\Users\Yanan Chang\GlassFish_Server\glassfish\modules\javax.json.jar;C:\Users\Yanan Chang\GlassFish_Server\glassfish\modules\javax.mail.jar;C:\Users\Yanan Chang\GlassFish_Server\glassfish\modules\javax.management.j2ee-api.jar;C:\Users\Yanan Chang\GlassFish_Server\glassfish\modules\javax.persistence.jar;C:\Users\Yanan Chang\GlassFish_Server\glassfish\modules\javax.resource-api.jar;C:\Users\Yanan Chang\GlassFish_Server\glassfish\modules\javax.security.auth.message-api.jar;C:\Users\Yanan Chang\GlassFish_Server\glassfish\modules\javax.security.jacc-api.jar;C:\Users\Yanan Chang\GlassFish_Server\glassfish\modules\javax.servlet-api.jar;C:\Users\Yanan Chang\GlassFish_Server\glassfish\modules\javax.servlet.jsp-api.jar;C:\Users\Yanan Chang\GlassFish_Server\glassfish\modules\javax.servlet.jsp.jar;C:\Users\Yanan Chang\GlassFish_Server\glassfish\modules\javax.servlet.jsp.jstl-api.jar;C:\Users\Yanan Chang\GlassFish_Server\glassfish\modules\javax.servlet.jsp.jstl.jar;C:\Users\Yanan Chang\GlassFish_Server\glassfish\modules\javax.transaction-api.jar;C:\Users\Yanan Chang\GlassFish_Server\glassfish\modules\javax.websocket-api.jar;C:\Users\Yanan Chang\GlassFish_Server\glassfish\modules\javax.ws.rs-api.jar;C:\Users\Yanan Chang\GlassFish_Server\glassfish\modules\javax.xml.registry-api.jar;C:\Users\Yanan Chang\GlassFish_Server\glassfish\modules\javax.xml.rpc-api.jar;C:\Users\Yanan Chang\GlassFish_Server\glassfish\modules\jaxb-osgi.jar;C:\Users\Yanan Chang\GlassFish_Server\glassfish\modules\webservices-osgi.jar;C:\Users\Yanan Chang\GlassFish_Server\glassfish\modules\weld-osgi-bundle.jar;C:\Users\Yanan Chang\GlassFish_Server\mq\lib\jaxm-api.jar" />
    <property name="libs.Encoder-HL7.src" value="" />
    <property name="has.custom.manifest" value="true" />
    <property name="libs.jstl.maven-pom" value="" />
    <property name="libs.restapi.maven-pom" value="" />
    <property name="libs.beans-binding.src" value="" />
    <property name="java.vm.specification.vendor" value="Oracle Corporation" />
    <property name="libs.swing-layout.src" value="C:\Users\Yanan Chang\Desktop\General Folder\Concordia\2018 Winter\SOEN487\tools\OpenESB-Quickstart-Standalone-v305\OpenESB-SE-3.0.5\OE-Studio\netbeans\platform\docs\swing-layout-1.0.4-src.zip" />
    <property name="org.openide.major.version" value="IDE/1" />
    <property name="java.vm.name" value="Java HotSpot(TM) 64-Bit Server VM" />
    <property name="do.display.browser.debug" value="true" />
    <property name="libs.Encoder-Custom.maven-pom" value="" />
    <property name="netbeans.user" value="C:\Users\Yanan Chang\AppData\Roaming\.openesb_studio\3.1.0-SNAPSHOT" />
    <property name="javadoc.additionalparam" value="" />
    <property name="java.io.tmpdir" value="C:\Users\YANANC~1\AppData\Local\Temp\" />
    <property name="java.vendor.url" value="http://java.oracle.com/" />
    <property name="endorsed.classpath.cmd.line.arg" value="-Xbootclasspath/p:&apos;C:\Users\Yanan Chang\Desktop\General Folder\Concordia\2018 Winter\SOEN487\tools\OpenESB-Quickstart-Standalone-v305\OpenESB-SE-3.0.5\OE-Studio\netbeans\enterprise\modules\ext\javaee7-endorsed\javax.annotation-api.jar;C:\Users\Yanan Chang\Desktop\General Folder\Concordia\2018 Winter\SOEN487\tools\OpenESB-Quickstart-Standalone-v305\OpenESB-SE-3.0.5\OE-Studio\netbeans\enterprise\modules\ext\javaee7-endorsed\javax.xml.soap-api.jar;C:\Users\Yanan Chang\Desktop\General Folder\Concordia\2018 Winter\SOEN487\tools\OpenESB-Quickstart-Standalone-v305\OpenESB-SE-3.0.5\OE-Studio\netbeans\enterprise\modules\ext\javaee7-endorsed\jaxb-api-osgi.jar;C:\Users\Yanan Chang\Desktop\General Folder\Concordia\2018 Winter\SOEN487\tools\OpenESB-Quickstart-Standalone-v305\OpenESB-SE-3.0.5\OE-Studio\netbeans\enterprise\modules\ext\javaee7-endorsed\jaxws-api.jar;C:\Users\Yanan Chang\Desktop\General Folder\Concordia\2018 Winter\SOEN487\tools\OpenESB-Quickstart-Standalone-v305\OpenESB-SE-3.0.5\OE-Studio\netbeans\enterprise\modules\ext\javaee7-endorsed\jsr181-api.jar&apos;" />
    <property name="junit.available" value="true" />
    <property name="j2ee.platform.wsit.classpath" value="" />
    <property name="compile.jsps" value="false" />
    <property name="libs.jsp-compiler.src" value="" />
    <property name="org.openide.awt.ActionReference.completion" value="org.netbeans.modules.apisupport.project.layers.PathCompletions" />
    <property name="libs.Encoder-COCO.src" value="" />
    <property name="deploy.ant.properties.file" value="C:\Users\Yanan Chang\AppData\Roaming\.openesb_studio\3.1.0-SNAPSHOT\config\GlassFishEE6\Properties\gfv3-1935941145.properties" />
    <property name="j2ee.platform.wscompile.classpath" value="C:/Users/Yanan Chang/GlassFish_Server/glassfish/modules/webservices-osgi.jar" />
    <property name="sun.boot.library.path" value="C:\Java\jdk1.8.0_91\jre\bin" />
    <property name="have.sources" value="true" />
    <property name="debug.classpath" value="build/web/WEB-INF/classes:../../../../../Downloads/jar_files/json-simple-1.1.1.jar" />
    <property name="war.name" value="WarehouseService1.war" />
    <property name="javadoc.private" value="false" />
    <property name="test.src.dir" value="test" />
    <property name="libs.jsf20.classpath" value="C:\Users\Yanan Chang\Desktop\General Folder\Concordia\2018 Winter\SOEN487\tools\OpenESB-Quickstart-Standalone-v305\OpenESB-SE-3.0.5\OE-Studio\netbeans\enterprise\modules\ext\jsf-2_2\javax.faces.jar" />
    <property name="ap.processors.internal" value="" />
    <property name="javadoc.encoding.used" value="UTF-8" />
    <property name="libs.spring-framework400.maven-pom" value="" />
    <property name="java.runtime.name" value="Java(TM) SE Runtime Environment" />
    <property name="ant.project.name" value="WarehouseService1" />
    <property name="libs.PojoSELib.javadoc" value="C:\Users\Yanan Chang\Desktop\General Folder\Concordia\2018 Winter\SOEN487\tools\OpenESB-Quickstart-Standalone-v305\OpenESB-SE-3.0.5\OE-Studio\netbeans\soa\modules\ext\sun-pojo-engine-api-javadoc.jar" />
    <property name="netbeans.hash.code" value="unique=0a95a6dd2-414e-45de-93b5-7f4eec731bbc_02a7273a-fbc1-4c58-a0c8-c56b3255cd27" />
    <property name="netbeans.default_userdir_root" value="" />
    <property name="libs.jsp-compilation-syscp.maven-pom" value="" />
    <property name="sun.cpu.isalist" value="amd64" />
    <property name="libs.spring-framework400.javadoc" value="" />
    <property name="libs.CopyLibs.javadoc" value="" />
    <property name="j2ee.server.domain" value="C:/Users/Yanan Chang/GlassFish_Server/glassfish/domains/domain1" />
    <property name="org.openide.specification.version" value="6.2" />
    <property name="j2ee.server.home" value="C:/Users/Yanan Chang/GlassFish_Server/glassfish" />
    <property name="user.home" value="C:\Users\Yanan Chang" />
    <property name="annotation.processing.processors.list" value="" />
    <property name="libs.primefaces.maven-pom" value="" />
    <property name="debug-args-line" value="-Xdebug" />
    <property name="libs.javaee-api-6.0.maven-pom" value="" />
    <property name="libs.JWSAntTasks.src" value="" />
    <property name="libs.CopyLibs.maven-pom" value="" />
    <property name="libs.absolutelayout.javadoc" value="" />
    <property name="libs.spring-framework300.javadoc" value="" />
    <property name="java.specification.name" value="Java Platform API Specification" />
    <property name="no.dist.ear.dir" value="true" />
    <property name="libs.Encoder-COCO.maven-pom" value="" />
    <property name="java.specification.vendor" value="Oracle Corporation" />
    <property name="libs.javac-api.classpath" value="C:\Users\Yanan Chang\Desktop\General Folder\Concordia\2018 Winter\SOEN487\tools\OpenESB-Quickstart-Standalone-v305\OpenESB-SE-3.0.5\OE-Studio\netbeans\java\modules\ext\nb-javac-api.jar" />
    <property name="java.version" value="1.8.0_91" />
    <property name="javadoc.version" value="false" />
    <property name="run.jvmargs.ide" value="" />
    <property name="libs.MySQLDriver.javadoc" value="" />
    <property name="org.openide.version" value="deprecated" />
    <property name="source.encoding" value="UTF-8" />
    <property name="ap.cmd.line.internal" value="" />
    <property name="libs.eclipselinkmodelgen.maven-pom" value="" />
    <property name="libs.jsp-compilation-syscp.javadoc" value="" />
    <property name="libs.junit.maven-pom" value="" />
    <property name="ant.file.Warehouse-rest-build" value="C:\Users\Yanan Chang\Desktop\General Folder\Concordia\2018 Winter\SOEN487\code\project\soen487-w18-team04\RetailerSystem\WarehouseService1\nbproject\rest-build.xml" />
    <property name="libs.eclipselinkmodelgen.javadoc" value="" />
    <property name="libs.javaee-endorsed-api-7.0.classpath" value="C:\Users\Yanan Chang\Desktop\General Folder\Concordia\2018 Winter\SOEN487\tools\OpenESB-Quickstart-Standalone-v305\OpenESB-SE-3.0.5\OE-Studio\netbeans\enterprise\modules\ext\javaee7-endorsed\javax.annotation-api.jar;C:\Users\Yanan Chang\Desktop\General Folder\Concordia\2018 Winter\SOEN487\tools\OpenESB-Quickstart-Standalone-v305\OpenESB-SE-3.0.5\OE-Studio\netbeans\enterprise\modules\ext\javaee7-endorsed\javax.xml.soap-api.jar;C:\Users\Yanan Chang\Desktop\General Folder\Concordia\2018 Winter\SOEN487\tools\OpenESB-Quickstart-Standalone-v305\OpenESB-SE-3.0.5\OE-Studio\netbeans\enterprise\modules\ext\javaee7-endorsed\jaxb-api-osgi.jar;C:\Users\Yanan Chang\Desktop\General Folder\Concordia\2018 Winter\SOEN487\tools\OpenESB-Quickstart-Standalone-v305\OpenESB-SE-3.0.5\OE-Studio\netbeans\enterprise\modules\ext\javaee7-endorsed\jaxws-api.jar;C:\Users\Yanan Chang\Desktop\General Folder\Concordia\2018 Winter\SOEN487\tools\OpenESB-Quickstart-Standalone-v305\OpenESB-SE-3.0.5\OE-Studio\netbeans\enterprise\modules\ext\javaee7-endorsed\jsr181-api.jar" />
    <property name="libs.metro.javadoc" value="C:\Users\Yanan Chang\Desktop\General Folder\Concordia\2018 Winter\SOEN487\tools\OpenESB-Quickstart-Standalone-v305\OpenESB-SE-3.0.5\OE-Studio\netbeans\enterprise\docs\metro-1.4-doc.zip" />
    <property name="libs.struts.maven-pom" value="" />
    <property name="netbeans.home+have.tests" value="true" />
    <property name="libs.testng.maven-pom" value="" />
    <property name="libs.jaxb.src" value="" />
    <property name="libs.Encoder-HL7.maven-pom" value="" />
    <property name="libs.jaxb.classpath" value="C:\Users\Yanan Chang\Desktop\General Folder\Concordia\2018 Winter\SOEN487\tools\OpenESB-Quickstart-Standalone-v305\OpenESB-SE-3.0.5\OE-Studio\netbeans\ide\modules\ext\jaxb\jaxb-impl.jar;C:\Users\Yanan Chang\Desktop\General Folder\Concordia\2018 Winter\SOEN487\tools\OpenESB-Quickstart-Standalone-v305\OpenESB-SE-3.0.5\OE-Studio\netbeans\ide\modules\ext\jaxb\jaxb-xjc.jar;C:\Users\Yanan Chang\Desktop\General Folder\Concordia\2018 Winter\SOEN487\tools\OpenESB-Quickstart-Standalone-v305\OpenESB-SE-3.0.5\OE-Studio\netbeans\ide\modules\ext\jaxb\jaxb1-impl.jar;C:\Users\Yanan Chang\Desktop\General Folder\Concordia\2018 Winter\SOEN487\tools\OpenESB-Quickstart-Standalone-v305\OpenESB-SE-3.0.5\OE-Studio\netbeans\ide\modules\ext\jaxb\activation.jar;C:\Users\Yanan Chang\Desktop\General Folder\Concordia\2018 Winter\SOEN487\tools\OpenESB-Quickstart-Standalone-v305\OpenESB-SE-3.0.5\OE-Studio\netbeans\ide\modules\ext\jaxb\api\jaxb-api.jar;C:\Users\Yanan Chang\Desktop\General Folder\Concordia\2018 Winter\SOEN487\tools\OpenESB-Quickstart-Standalone-v305\OpenESB-SE-3.0.5\OE-Studio\netbeans\ide\modules\ext\jaxb\api\jsr173_1.0_api.jar" />
    <property name="dist.javadoc.dir" value="dist/javadoc" />
    <property name="libs.spring-webmvc3.0.classpath" value="C:\Users\Yanan Chang\Desktop\General Folder\Concordia\2018 Winter\SOEN487\tools\OpenESB-Quickstart-Standalone-v305\OpenESB-SE-3.0.5\OE-Studio\netbeans\java\modules\ext\spring-3.0\spring-webmvc-3.2.7.RELEASE.jar" />
    <property name="libs.swing-layout.classpath" value="C:\Users\Yanan Chang\Desktop\General Folder\Concordia\2018 Winter\SOEN487\tools\OpenESB-Quickstart-Standalone-v305\OpenESB-SE-3.0.5\OE-Studio\netbeans\platform\modules\ext\swing-layout-1.0.4.jar" />
    <property name="jspc.dtds" value="/resources/dtds/" />
    <property name="libs.javaee-web-api-7.0.maven-pom" value="" />
    <property name="libs.restlib.src" value="" />
    <property name="javac.source" value="1.8" />
    <property name="ant.file.type.WarehouseService1" value="file" />
    <property name="build.generated.dir" value="build/generated" />
    <property name="line.separator" value="&#xd;&#xa;" />
    <property name="java.specification.version" value="1.8" />
    <property name="java.vm.info" value="mixed mode" />
    <property name="libs.jaxws21.maven-pom" value="" />
    <property name="nb.junit.batch" value="true" />
    <property name="sun.boot.class.path" value="C:\Users\Yanan Chang\Desktop\General Folder\Concordia\2018 Winter\SOEN487\tools\OpenESB-Quickstart-Standalone-v305\OpenESB-SE-3.0.5\OE-Studio\netbeans\enterprise\modules\ext\javaee7-endorsed\javax.annotation-api.jar;C:\Users\Yanan Chang\Desktop\General Folder\Concordia\2018 Winter\SOEN487\tools\OpenESB-Quickstart-Standalone-v305\OpenESB-SE-3.0.5\OE-Studio\netbeans\enterprise\modules\ext\javaee7-endorsed\javax.xml.soap-api.jar;C:\Users\Yanan Chang\Desktop\General Folder\Concordia\2018 Winter\SOEN487\tools\OpenESB-Quickstart-Standalone-v305\OpenESB-SE-3.0.5\OE-Studio\netbeans\enterprise\modules\ext\javaee7-endorsed\jaxb-api-osgi.jar;C:\Users\Yanan Chang\Desktop\General Folder\Concordia\2018 Winter\SOEN487\tools\OpenESB-Quickstart-Standalone-v305\OpenESB-SE-3.0.5\OE-Studio\netbeans\enterprise\modules\ext\javaee7-endorsed\jaxws-api.jar;C:\Users\Yanan Chang\Desktop\General Folder\Concordia\2018 Winter\SOEN487\tools\OpenESB-Quickstart-Standalone-v305\OpenESB-SE-3.0.5\OE-Studio\netbeans\enterprise\modules\ext\javaee7-endorsed\jsr181-api.jar;C:\Java\jdk1.8.0_91\jre\lib\resources.jar;C:\Java\jdk1.8.0_91\jre\lib\rt.jar;C:\Java\jdk1.8.0_91\jre\lib\sunrsasign.jar;C:\Java\jdk1.8.0_91\jre\lib\jsse.jar;C:\Java\jdk1.8.0_91\jre\lib\jce.jar;C:\Java\jdk1.8.0_91\jre\lib\charsets.jar;C:\Java\jdk1.8.0_91\jre\lib\jfr.jar;C:\Java\jdk1.8.0_91\jre\classes" />
    <property name="javac.target" value="1.8" />
    <property name="build.test.classes.dir" value="build/test/classes" />
    <property name="src.dir" value="src/java" />
    <property name="libs.Encoder-Framework.maven-pom" value="" />
    <property name="sun.awt.keepWorkingSetOnMinimize" value="true" />
    <property name="annotation.processing.enabled" value="true" />
    <property name="libs.jpa2-persistence.src" value="" />
    <property name="ant.file.type.WarehouseService1-impl" value="file" />
    <property name="libs.jsf20.src" value="" />
    <property name="libs.jpa20-persistence.src" value="" />
    <property name="libs.jsf12.src" value="" />
    <property name="j2ee.platform" value="1.7-web" />
    <property name="libs.JAVADB_DRIVER_LABEL.maven-pom" value="" />
    <property name="libs.struts.javadoc" value="C:\Users\Yanan Chang\Desktop\General Folder\Concordia\2018 Winter\SOEN487\tools\OpenESB-Quickstart-Standalone-v305\OpenESB-SE-3.0.5\OE-Studio\netbeans\enterprise\docs\struts-1.3.10-javadoc.zip" />
    <property name="rest.config.type" value="ide" />
    <property name="ignore.failing.tests" value="true" />
    <property name="libs.Comet-GlassFish-v3.classpath" value="" />
    <property name="web.docbase.dir" value="web" />
    <property name="libs.javaee-web-api-7.0.src" value="" />
    <property name="libs.primefaces.src" value="" />
    <property name="dist.dir" value="dist" />
    <property name="ant.file.WarehouseService1" value="C:\Users\Yanan Chang\Desktop\General Folder\Concordia\2018 Winter\SOEN487\code\project\soen487-w18-team04\RetailerSystem\WarehouseService1\build.xml" />
    <property name="testng.debug.mode" value="" />
    <property name="javac.fork" value="false" />
    <property name="java.awt.printerjob" value="sun.awt.windows.WPrinterJob" />
    <property name="default.javac.source" value="1.8" />
    <property name="debug-transport-by-os" value="dt_shmem" />
    <property name="sun.jnu.encoding" value="GBK" />
    <property name="libs.MySQLDriver.src" value="" />
    <property name="libs.Encoder-COCO.javadoc" value="" />
    <property name="build.test.results.dir" value="build/test/results" />
    <property name="java.runtime.version" value="1.8.0_91-b15" />
    <property name="do.tmp.war.package.with.custom.manifest" value="true" />
    <property name="default.javac.target" value="1.8" />
    <property name="libs.junit_4.classpath" value="C:\Users\Yanan Chang\Desktop\General Folder\Concordia\2018 Winter\SOEN487\tools\OpenESB-Quickstart-Standalone-v305\OpenESB-SE-3.0.5\OE-Studio\netbeans\platform\modules\ext\junit-4.10.jar" />
    <property name="user.timezone" value="" />
    <property name="nb.junit.single" value="false" />
    <property name="libs.javaee-endorsed-api-6.0.maven-pom" value="" />
    <property name="libs.JAVADB_DRIVER_LABEL.javadoc" value="" />
    <property name="netbeans.dirs" value="C:\Users\Yanan Chang\Desktop\General Folder\Concordia\2018 Winter\SOEN487\tools\OpenESB-Quickstart-Standalone-v305\OpenESB-SE-3.0.5\OE-Studio\netbeans\soa;C:\Users\Yanan Chang\Desktop\General Folder\Concordia\2018 Winter\SOEN487\tools\OpenESB-Quickstart-Standalone-v305\OpenESB-SE-3.0.5\OE-Studio\netbeans\extide;C:\Users\Yanan Chang\Desktop\General Folder\Concordia\2018 Winter\SOEN487\tools\OpenESB-Quickstart-Standalone-v305\OpenESB-SE-3.0.5\OE-Studio\netbeans\apisupport;C:\Users\Yanan Chang\Desktop\General Folder\Concordia\2018 Winter\SOEN487\tools\OpenESB-Quickstart-Standalone-v305\OpenESB-SE-3.0.5\OE-Studio\netbeans\enterprise;C:\Users\Yanan Chang\Desktop\General Folder\Concordia\2018 Winter\SOEN487\tools\OpenESB-Quickstart-Standalone-v305\OpenESB-SE-3.0.5\OE-Studio\netbeans\ergonomics;C:\Users\Yanan Chang\Desktop\General Folder\Concordia\2018 Winter\SOEN487\tools\OpenESB-Quickstart-Standalone-v305\OpenESB-SE-3.0.5\OE-Studio\netbeans\harness;C:\Users\Yanan Chang\Desktop\General Folder\Concordia\2018 Winter\SOEN487\tools\OpenESB-Quickstart-Standalone-v305\OpenESB-SE-3.0.5\OE-Studio\netbeans\ide;C:\Users\Yanan Chang\Desktop\General Folder\Concordia\2018 Winter\SOEN487\tools\OpenESB-Quickstart-Standalone-v305\OpenESB-SE-3.0.5\OE-Studio\netbeans\java;C:\Users\Yanan Chang\Desktop\General Folder\Concordia\2018 Winter\SOEN487\tools\OpenESB-Quickstart-Standalone-v305\OpenESB-SE-3.0.5\OE-Studio\netbeans\nb;C:\Users\Yanan Chang\Desktop\General Folder\Concordia\2018 Winter\SOEN487\tools\OpenESB-Quickstart-Standalone-v305\OpenESB-SE-3.0.5\OE-Studio\netbeans\profiler;C:\Users\Yanan Chang\Desktop\General Folder\Concordia\2018 Winter\SOEN487\tools\OpenESB-Quickstart-Standalone-v305\OpenESB-SE-3.0.5\OE-Studio\netbeans\webcommon;C:\Users\Yanan Chang\Desktop\General Folder\Concordia\2018 Winter\SOEN487\tools\OpenESB-Quickstart-Standalone-v305\OpenESB-SE-3.0.5\OE-Studio\netbeans\websvccommon" />
    <property name="libs.jsf20.javadoc" value="C:\Users\Yanan Chang\Desktop\General Folder\Concordia\2018 Winter\SOEN487\tools\OpenESB-Quickstart-Standalone-v305\OpenESB-SE-3.0.5\OE-Studio\netbeans\enterprise\docs\javaee-doc-api.jar" />
    <property name="libs.jstl.javadoc" value="C:\Users\Yanan Chang\Desktop\General Folder\Concordia\2018 Winter\SOEN487\tools\OpenESB-Quickstart-Standalone-v305\OpenESB-SE-3.0.5\OE-Studio\netbeans\enterprise\docs\javaee-doc-api.jar" />
    <property name="java.ext.dirs" value="C:\Java\jdk1.8.0_91\jre\lib\ext;C:\WINDOWS\Sun\Java\lib\ext" />
    <property name="libs.metro.src" value="" />
    <property name="endorsed.classpath" value="C:\Users\Yanan Chang\Desktop\General Folder\Concordia\2018 Winter\SOEN487\tools\OpenESB-Quickstart-Standalone-v305\OpenESB-SE-3.0.5\OE-Studio\netbeans\enterprise\modules\ext\javaee7-endorsed\javax.annotation-api.jar;C:\Users\Yanan Chang\Desktop\General Folder\Concordia\2018 Winter\SOEN487\tools\OpenESB-Quickstart-Standalone-v305\OpenESB-SE-3.0.5\OE-Studio\netbeans\enterprise\modules\ext\javaee7-endorsed\javax.xml.soap-api.jar;C:\Users\Yanan Chang\Desktop\General Folder\Concordia\2018 Winter\SOEN487\tools\OpenESB-Quickstart-Standalone-v305\OpenESB-SE-3.0.5\OE-Studio\netbeans\enterprise\modules\ext\javaee7-endorsed\jaxb-api-osgi.jar;C:\Users\Yanan Chang\Desktop\General Folder\Concordia\2018 Winter\SOEN487\tools\OpenESB-Quickstart-Standalone-v305\OpenESB-SE-3.0.5\OE-Studio\netbeans\enterprise\modules\ext\javaee7-endorsed\jaxws-api.jar;C:\Users\Yanan Chang\Desktop\General Folder\Concordia\2018 Winter\SOEN487\tools\OpenESB-Quickstart-Standalone-v305\OpenESB-SE-3.0.5\OE-Studio\netbeans\enterprise\modules\ext\javaee7-endorsed\jsr181-api.jar" />
    <property name="libs.absolutelayout.classpath" value="C:\Users\Yanan Chang\Desktop\General Folder\Concordia\2018 Winter\SOEN487\tools\OpenESB-Quickstart-Standalone-v305\OpenESB-SE-3.0.5\OE-Studio\netbeans\java\modules\ext\AbsoluteLayout.jar" />
    <property name="excludes" value="" />
    <property name="libs.restlib.maven-pom" value="" />
    <property name="libs.metro.classpath" value="C:\Users\Yanan Chang\Desktop\General Folder\Concordia\2018 Winter\SOEN487\tools\OpenESB-Quickstart-Standalone-v305\OpenESB-SE-3.0.5\OE-Studio\netbeans\ide\modules\ext\jaxb\activation.jar;C:\Users\Yanan Chang\Desktop\General Folder\Concordia\2018 Winter\SOEN487\tools\OpenESB-Quickstart-Standalone-v305\OpenESB-SE-3.0.5\OE-Studio\netbeans\enterprise\modules\ext\metro\webservices-api.jar;C:\Users\Yanan Chang\Desktop\General Folder\Concordia\2018 Winter\SOEN487\tools\OpenESB-Quickstart-Standalone-v305\OpenESB-SE-3.0.5\OE-Studio\netbeans\enterprise\modules\ext\metro\webservices-extra-api.jar;C:\Users\Yanan Chang\Desktop\General Folder\Concordia\2018 Winter\SOEN487\tools\OpenESB-Quickstart-Standalone-v305\OpenESB-SE-3.0.5\OE-Studio\netbeans\enterprise\modules\ext\metro\webservices-extra.jar;C:\Users\Yanan Chang\Desktop\General Folder\Concordia\2018 Winter\SOEN487\tools\OpenESB-Quickstart-Standalone-v305\OpenESB-SE-3.0.5\OE-Studio\netbeans\enterprise\modules\ext\metro\webservices-rt.jar;C:\Users\Yanan Chang\Desktop\General Folder\Concordia\2018 Winter\SOEN487\tools\OpenESB-Quickstart-Standalone-v305\OpenESB-SE-3.0.5\OE-Studio\netbeans\enterprise\modules\ext\metro\webservices-tools.jar" />
    <property name="libs.jpa2-persistence.javadoc" value="C:\Users\Yanan Chang\Desktop\General Folder\Concordia\2018 Winter\SOEN487\tools\OpenESB-Quickstart-Standalone-v305\OpenESB-SE-3.0.5\OE-Studio\netbeans\java\modules\ext\docs\javax.persistence-2.1.0-doc.zip" />
    <property name="java.class.path" value="C:\Users\Yanan Chang\Desktop\General Folder\Concordia\2018 Winter\SOEN487\Downloads\jar_files\json-simple-1.1.1.jar;C:\Users\Yanan Chang\Desktop\General Folder\Concordia\2018 Winter\SOEN487\code\project\soen487-w18-team04\RetailerSystem\WarehouseService1\build\web\WEB-INF\classes;C:\Users\Yanan Chang\Desktop\General Folder\Concordia\2018 Winter\SOEN487\tools\OpenESB-Quickstart-Standalone-v305\OpenESB-SE-3.0.5\OE-Studio\netbeans\platform\modules\ext\junit-4.10.jar;C:\Users\Yanan Chang\Desktop\General Folder\Concordia\2018 Winter\SOEN487\code\project\soen487-w18-team04\RetailerSystem\WarehouseService1\build\test\classes;C:\Users\Yanan Chang\GlassFish_Server\glassfish\modules\endorsed\javax.annotation-api.jar;C:\Users\Yanan Chang\GlassFish_Server\glassfish\modules\endorsed\jaxb-api.jar;C:\Users\Yanan Chang\GlassFish_Server\glassfish\modules\endorsed\webservices-api-osgi.jar;C:\Users\Yanan Chang\GlassFish_Server\glassfish\modules\bean-validator.jar;C:\Users\Yanan Chang\GlassFish_Server\glassfish\modules\javax.batch-api.jar;C:\Users\Yanan Chang\GlassFish_Server\glassfish\modules\javax.ejb-api.jar;C:\Users\Yanan Chang\GlassFish_Server\glassfish\modules\javax.el.jar;C:\Users\Yanan Chang\GlassFish_Server\glassfish\modules\javax.enterprise.concurrent-api.jar;C:\Users\Yanan Chang\GlassFish_Server\glassfish\modules\javax.enterprise.concurrent.jar;C:\Users\Yanan Chang\GlassFish_Server\glassfish\modules\javax.enterprise.deploy-api.jar;C:\Users\Yanan Chang\GlassFish_Server\glassfish\modules\javax.faces.jar;C:\Users\Yanan Chang\GlassFish_Server\glassfish\modules\javax.inject.jar;C:\Users\Yanan Chang\GlassFish_Server\glassfish\modules\javax.interceptor-api.jar;C:\Users\Yanan Chang\GlassFish_Server\glassfish\modules\javax.jms-api.jar;C:\Users\Yanan Chang\GlassFish_Server\glassfish\modules\javax.json.jar;C:\Users\Yanan Chang\GlassFish_Server\glassfish\modules\javax.mail.jar;C:\Users\Yanan Chang\GlassFish_Server\glassfish\modules\javax.management.j2ee-api.jar;C:\Users\Yanan Chang\GlassFish_Server\glassfish\modules\javax.persistence.jar;C:\Users\Yanan Chang\GlassFish_Server\glassfish\modules\javax.resource-api.jar;C:\Users\Yanan Chang\GlassFish_Server\glassfish\modules\javax.security.auth.message-api.jar;C:\Users\Yanan Chang\GlassFish_Server\glassfish\modules\javax.security.jacc-api.jar;C:\Users\Yanan Chang\GlassFish_Server\glassfish\modules\javax.servlet-api.jar;C:\Users\Yanan Chang\GlassFish_Server\glassfish\modules\javax.servlet.jsp-api.jar;C:\Users\Yanan Chang\GlassFish_Server\glassfish\modules\javax.servlet.jsp.jar;C:\Users\Yanan Chang\GlassFish_Server\glassfish\modules\javax.servlet.jsp.jstl-api.jar;C:\Users\Yanan Chang\GlassFish_Server\glassfish\modules\javax.servlet.jsp.jstl.jar;C:\Users\Yanan Chang\GlassFish_Server\glassfish\modules\javax.transaction-api.jar;C:\Users\Yanan Chang\GlassFish_Server\glassfish\modules\javax.websocket-api.jar;C:\Users\Yanan Chang\GlassFish_Server\glassfish\modules\javax.ws.rs-api.jar;C:\Users\Yanan Chang\GlassFish_Server\glassfish\modules\javax.xml.registry-api.jar;C:\Users\Yanan Chang\GlassFish_Server\glassfish\modules\javax.xml.rpc-api.jar;C:\Users\Yanan Chang\GlassFish_Server\glassfish\modules\jaxb-osgi.jar;C:\Users\Yanan Chang\GlassFish_Server\glassfish\modules\webservices-osgi.jar;C:\Users\Yanan Chang\GlassFish_Server\glassfish\modules\weld-osgi-bundle.jar;C:\Users\Yanan Chang\GlassFish_Server\mq\lib\jaxm-api.jar;C:\Users\Yanan Chang\GlassFish_Server\glassfish\lib\embedded\glassfish-embedded-static-shell.jar;C:\Users\Yanan Chang\Desktop\General Folder\Concordia\2018 Winter\SOEN487\code\project\soen487-w18-team04\RetailerSystem\WarehouseService1;C:\Users\Yanan Chang\Desktop\General Folder\Concordia\2018 Winter\SOEN487\tools\OpenESB-Quickstart-Standalone-v305\OpenESB-SE-3.0.5\OE-Studio\netbeans\extide\ant\lib\ant-launcher.jar;C:\Users\Yanan Chang\Desktop\General Folder\Concordia\2018 Winter\SOEN487\tools\OpenESB-Quickstart-Standalone-v305\OpenESB-SE-3.0.5\OE-Studio\netbeans\extide\ant\lib\ant.jar;C:\Users\Yanan Chang\Desktop\General Folder\Concordia\2018 Winter\SOEN487\tools\OpenESB-Quickstart-Standalone-v305\OpenESB-SE-3.0.5\OE-Studio\netbeans\extide\ant\lib\ant-junit.jar;C:\Users\Yanan Chang\Desktop\General Folder\Concordia\2018 Winter\SOEN487\tools\OpenESB-Quickstart-Standalone-v305\OpenESB-SE-3.0.5\OE-Studio\netbeans\extide\ant\lib\ant-junit4.jar" />
    <property name="libs.absolutelayout.src" value="" />
    <property name="libs.jpa20-persistence.classpath" value="C:\Users\Yanan Chang\Desktop\General Folder\Concordia\2018 Winter\SOEN487\tools\OpenESB-Quickstart-Standalone-v305\OpenESB-SE-3.0.5\OE-Studio\netbeans\java\modules\ext\eclipselink\javax.persistence_2.1.0.v201304241213.jar" />
    <property name="j2ee.server.type" value="gfv3ee6" />
    <property name="os.version" value="10.0" />
    <property name="libs.EclipseLink-GlassFish-v3.javadoc" value="C:\Users\Yanan Chang\Desktop\General Folder\Concordia\2018 Winter\SOEN487\tools\OpenESB-Quickstart-Standalone-v305\OpenESB-SE-3.0.5\OE-Studio\netbeans\enterprise\docs\javaee-doc-api.jar" />
    <property name="libs.javaee-api-7.0.maven-pom" value="" />
    <property name="sun.awt.enableExtraMouseButtons" value="true" />
    <property name="sun.desktop" value="windows" />
    <property name="libs.PojoSELib.maven-pom" value="" />
    <property name="libs.hibernate4-persistence.src" value="" />
    <property name="libs.hibernate4-support.maven-pom" value="" />
    <property name="libs.Comet-GlassFish-v3.src" value="" />
    <property name="libs.restlib.javadoc" value="" />
    <property name="war.content.additional" value="" />
    <property name="j2ee.platform.embeddableejb.classpath" value="C:/Users/Yanan Chang/GlassFish_Server/glassfish/lib/embedded/glassfish-embedded-static-shell.jar" />
    <property name="nb.internal.action.name" value="test" />
    <property name="libs.JAXB-ENDORSED.classpath" value="C:\Users\Yanan Chang\Desktop\General Folder\Concordia\2018 Winter\SOEN487\tools\OpenESB-Quickstart-Standalone-v305\OpenESB-SE-3.0.5\OE-Studio\netbeans\ide\modules\ext\jaxb\api\jaxb-api.jar" />
    <property name="forceRedeploy" value="false" />
    <property name="libs.eclipselink.classpath" value="C:\Users\Yanan Chang\Desktop\General Folder\Concordia\2018 Winter\SOEN487\tools\OpenESB-Quickstart-Standalone-v305\OpenESB-SE-3.0.5\OE-Studio\netbeans\java\modules\ext\eclipselink\eclipselink.jar;C:\Users\Yanan Chang\Desktop\General Folder\Concordia\2018 Winter\SOEN487\tools\OpenESB-Quickstart-Standalone-v305\OpenESB-SE-3.0.5\OE-Studio\netbeans\java\modules\ext\eclipselink\javax.persistence_2.1.0.v201304241213.jar;C:\Users\Yanan Chang\Desktop\General Folder\Concordia\2018 Winter\SOEN487\tools\OpenESB-Quickstart-Standalone-v305\OpenESB-SE-3.0.5\OE-Studio\netbeans\java\modules\ext\eclipselink\org.eclipse.persistence.jpa.jpql_2.5.2.v20140319-9ad6abd.jar" />
    <property name="libs.javaee-api-7.0.javadoc" value="C:\Users\Yanan Chang\Desktop\General Folder\Concordia\2018 Winter\SOEN487\tools\OpenESB-Quickstart-Standalone-v305\OpenESB-SE-3.0.5\OE-Studio\netbeans\enterprise\docs\javaee-doc-api.jar" />
    <property name="libs.beans-binding.javadoc" value="C:\Users\Yanan Chang\Desktop\General Folder\Concordia\2018 Winter\SOEN487\tools\OpenESB-Quickstart-Standalone-v305\OpenESB-SE-3.0.5\OE-Studio\netbeans\java\docs\beansbinding-1.2.1-doc.zip" />
    <property name="java.awt.graphicsenv" value="sun.awt.Win32GraphicsEnvironment" />
    <property name="java.vm.vendor" value="Oracle Corporation" />
    <property name="libs.CopyLibs.classpath" value="C:\Users\Yanan Chang\Desktop\General Folder\Concordia\2018 Winter\SOEN487\tools\OpenESB-Quickstart-Standalone-v305\OpenESB-SE-3.0.5\OE-Studio\netbeans\java\ant\extra\org-netbeans-modules-java-j2seproject-copylibstask.jar" />
    <property name="libs.spring-framework300.classpath" value="C:\Users\Yanan Chang\Desktop\General Folder\Concordia\2018 Winter\SOEN487\tools\OpenESB-Quickstart-Standalone-v305\OpenESB-SE-3.0.5\OE-Studio\netbeans\ide\modules\org-apache-commons-logging.jar;C:\Users\Yanan Chang\Desktop\General Folder\Concordia\2018 Winter\SOEN487\tools\OpenESB-Quickstart-Standalone-v305\OpenESB-SE-3.0.5\OE-Studio\netbeans\java\modules\ext\cglib-2.2.jar;C:\Users\Yanan Chang\Desktop\General Folder\Concordia\2018 Winter\SOEN487\tools\OpenESB-Quickstart-Standalone-v305\OpenESB-SE-3.0.5\OE-Studio\netbeans\java\modules\ext\spring-3.0\spring-aop-3.2.7.RELEASE.jar;C:\Users\Yanan Chang\Desktop\General Folder\Concordia\2018 Winter\SOEN487\tools\OpenESB-Quickstart-Standalone-v305\OpenESB-SE-3.0.5\OE-Studio\netbeans\java\modules\ext\spring-3.0\spring-aspects-3.2.7.RELEASE.jar;C:\Users\Yanan Chang\Desktop\General Folder\Concordia\2018 Winter\SOEN487\tools\OpenESB-Quickstart-Standalone-v305\OpenESB-SE-3.0.5\OE-Studio\netbeans\java\modules\ext\spring-3.0\spring-beans-3.2.7.RELEASE.jar;C:\Users\Yanan Chang\Desktop\General Folder\Concordia\2018 Winter\SOEN487\tools\OpenESB-Quickstart-Standalone-v305\OpenESB-SE-3.0.5\OE-Studio\netbeans\java\modules\ext\spring-3.0\spring-build-src-3.2.7.RELEASE.jar;C:\Users\Yanan Chang\Desktop\General Folder\Concordia\2018 Winter\SOEN487\tools\OpenESB-Quickstart-Standalone-v305\OpenESB-SE-3.0.5\OE-Studio\netbeans\java\modules\ext\spring-3.0\spring-context-3.2.7.RELEASE.jar;C:\Users\Yanan Chang\Desktop\General Folder\Concordia\2018 Winter\SOEN487\tools\OpenESB-Quickstart-Standalone-v305\OpenESB-SE-3.0.5\OE-Studio\netbeans\java\modules\ext\spring-3.0\spring-context-support-3.2.7.RELEASE.jar;C:\Users\Yanan Chang\Desktop\General Folder\Concordia\2018 Winter\SOEN487\tools\OpenESB-Quickstart-Standalone-v305\OpenESB-SE-3.0.5\OE-Studio\netbeans\java\modules\ext\spring-3.0\spring-core-3.2.7.RELEASE.jar;C:\Users\Yanan Chang\Desktop\General Folder\Concordia\2018 Winter\SOEN487\tools\OpenESB-Quickstart-Standalone-v305\OpenESB-SE-3.0.5\OE-Studio\netbeans\java\modules\ext\spring-3.0\spring-expression-3.2.7.RELEASE.jar;C:\Users\Yanan Chang\Desktop\General Folder\Concordia\2018 Winter\SOEN487\tools\OpenESB-Quickstart-Standalone-v305\OpenESB-SE-3.0.5\OE-Studio\netbeans\java\modules\ext\spring-3.0\spring-framework-bom-3.2.7.RELEASE.jar;C:\Users\Yanan Chang\Desktop\General Folder\Concordia\2018 Winter\SOEN487\tools\OpenESB-Quickstart-Standalone-v305\OpenESB-SE-3.0.5\OE-Studio\netbeans\java\modules\ext\spring-3.0\spring-instrument-3.2.7.RELEASE.jar;C:\Users\Yanan Chang\Desktop\General Folder\Concordia\2018 Winter\SOEN487\tools\OpenESB-Quickstart-Standalone-v305\OpenESB-SE-3.0.5\OE-Studio\netbeans\java\modules\ext\spring-3.0\spring-instrument-tomcat-3.2.7.RELEASE.jar;C:\Users\Yanan Chang\Desktop\General Folder\Concordia\2018 Winter\SOEN487\tools\OpenESB-Quickstart-Standalone-v305\OpenESB-SE-3.0.5\OE-Studio\netbeans\java\modules\ext\spring-3.0\spring-jdbc-3.2.7.RELEASE.jar;C:\Users\Yanan Chang\Desktop\General Folder\Concordia\2018 Winter\SOEN487\tools\OpenESB-Quickstart-Standalone-v305\OpenESB-SE-3.0.5\OE-Studio\netbeans\java\modules\ext\spring-3.0\spring-jms-3.2.7.RELEASE.jar;C:\Users\Yanan Chang\Desktop\General Folder\Concordia\2018 Winter\SOEN487\tools\OpenESB-Quickstart-Standalone-v305\OpenESB-SE-3.0.5\OE-Studio\netbeans\java\modules\ext\spring-3.0\spring-orm-3.2.7.RELEASE.jar;C:\Users\Yanan Chang\Desktop\General Folder\Concordia\2018 Winter\SOEN487\tools\OpenESB-Quickstart-Standalone-v305\OpenESB-SE-3.0.5\OE-Studio\netbeans\java\modules\ext\spring-3.0\spring-oxm-3.2.7.RELEASE.jar;C:\Users\Yanan Chang\Desktop\General Folder\Concordia\2018 Winter\SOEN487\tools\OpenESB-Quickstart-Standalone-v305\OpenESB-SE-3.0.5\OE-Studio\netbeans\java\modules\ext\spring-3.0\spring-struts-3.2.7.RELEASE.jar;C:\Users\Yanan Chang\Desktop\General Folder\Concordia\2018 Winter\SOEN487\tools\OpenESB-Quickstart-Standalone-v305\OpenESB-SE-3.0.5\OE-Studio\netbeans\java\modules\ext\spring-3.0\spring-test-3.2.7.RELEASE.jar;C:\Users\Yanan Chang\Desktop\General Folder\Concordia\2018 Winter\SOEN487\tools\OpenESB-Quickstart-Standalone-v305\OpenESB-SE-3.0.5\OE-Studio\netbeans\java\modules\ext\spring-3.0\spring-tx-3.2.7.RELEASE.jar;C:\Users\Yanan Chang\Desktop\General Folder\Concordia\2018 Winter\SOEN487\tools\OpenESB-Quickstart-Standalone-v305\OpenESB-SE-3.0.5\OE-Studio\netbeans\java\modules\ext\spring-3.0\spring-web-3.2.7.RELEASE.jar;C:\Users\Yanan Chang\Desktop\General Folder\Concordia\2018 Winter\SOEN487\tools\OpenESB-Quickstart-Standalone-v305\OpenESB-SE-3.0.5\OE-Studio\netbeans\java\modules\ext\spring-3.0\spring-webmvc-3.2.7.RELEASE.jar;C:\Users\Yanan Chang\Desktop\General Folder\Concordia\2018 Winter\SOEN487\tools\OpenESB-Quickstart-Standalone-v305\OpenESB-SE-3.0.5\OE-Studio\netbeans\java\modules\ext\spring-3.0\spring-webmvc-portlet-3.2.7.RELEASE.jar" />
    <property name="libs.jsp-compiler.maven-pom" value="" />
    <property name="libs.Encoder-COCO.classpath" value="C:\Users\Yanan Chang\Desktop\General Folder\Concordia\2018 Winter\SOEN487\tools\OpenESB-Quickstart-Standalone-v305\OpenESB-SE-3.0.5\OE-Studio\netbeans\soa\modules\ext\coco.jar;C:\Users\Yanan Chang\Desktop\General Folder\Concordia\2018 Winter\SOEN487\tools\OpenESB-Quickstart-Standalone-v305\OpenESB-SE-3.0.5\OE-Studio\netbeans\soa\modules\ext\cocoencoder-xsdextension.jar" />
    <property name="libs.hibernate4-persistence.classpath" value="C:\Users\Yanan Chang\Desktop\General Folder\Concordia\2018 Winter\SOEN487\tools\OpenESB-Quickstart-Standalone-v305\OpenESB-SE-3.0.5\OE-Studio\netbeans\java\modules\ext\hibernate4\antlr-2.7.7.jar;C:\Users\Yanan Chang\Desktop\General Folder\Concordia\2018 Winter\SOEN487\tools\OpenESB-Quickstart-Standalone-v305\OpenESB-SE-3.0.5\OE-Studio\netbeans\java\modules\ext\hibernate4\c3p0-0.9.2.1.jar;C:\Users\Yanan Chang\Desktop\General Folder\Concordia\2018 Winter\SOEN487\tools\OpenESB-Quickstart-Standalone-v305\OpenESB-SE-3.0.5\OE-Studio\netbeans\java\modules\ext\hibernate4\hibernate-c3p0-4.3.1.Final.jar;C:\Users\Yanan Chang\Desktop\General Folder\Concordia\2018 Winter\SOEN487\tools\OpenESB-Quickstart-Standalone-v305\OpenESB-SE-3.0.5\OE-Studio\netbeans\java\modules\ext\hibernate4\mchange-commons-java-0.2.3.4.jar;C:\Users\Yanan Chang\Desktop\General Folder\Concordia\2018 Winter\SOEN487\tools\OpenESB-Quickstart-Standalone-v305\OpenESB-SE-3.0.5\OE-Studio\netbeans\java\modules\ext\hibernate4\dom4j-1.6.1.jar;C:\Users\Yanan Chang\Desktop\General Folder\Concordia\2018 Winter\SOEN487\tools\OpenESB-Quickstart-Standalone-v305\OpenESB-SE-3.0.5\OE-Studio\netbeans\java\modules\ext\hibernate4\ehcache-core-2.4.3.jar;C:\Users\Yanan Chang\Desktop\General Folder\Concordia\2018 Winter\SOEN487\tools\OpenESB-Quickstart-Standalone-v305\OpenESB-SE-3.0.5\OE-Studio\netbeans\java\modules\ext\hibernate4\hibernate-ehcache-4.3.1.Final.jar;C:\Users\Yanan Chang\Desktop\General Folder\Concordia\2018 Winter\SOEN487\tools\OpenESB-Quickstart-Standalone-v305\OpenESB-SE-3.0.5\OE-Studio\netbeans\java\modules\ext\hibernate4\hibernate-core-4.3.1.Final.jar;C:\Users\Yanan Chang\Desktop\General Folder\Concordia\2018 Winter\SOEN487\tools\OpenESB-Quickstart-Standalone-v305\OpenESB-SE-3.0.5\OE-Studio\netbeans\java\modules\ext\hibernate4\jboss-logging-3.1.3.GA.jar;C:\Users\Yanan Chang\Desktop\General Folder\Concordia\2018 Winter\SOEN487\tools\OpenESB-Quickstart-Standalone-v305\OpenESB-SE-3.0.5\OE-Studio\netbeans\java\modules\ext\hibernate4\hibernate-commons-annotations-4.0.4.Final.jar;C:\Users\Yanan Chang\Desktop\General Folder\Concordia\2018 Winter\SOEN487\tools\OpenESB-Quickstart-Standalone-v305\OpenESB-SE-3.0.5\OE-Studio\netbeans\java\modules\ext\hibernate4\hibernate-entitymanager-4.3.1.Final.jar;C:\Users\Yanan Chang\Desktop\General Folder\Concordia\2018 Winter\SOEN487\tools\OpenESB-Quickstart-Standalone-v305\OpenESB-SE-3.0.5\OE-Studio\netbeans\java\modules\ext\hibernate4\javassist-3.18.1-GA.jar;C:\Users\Yanan Chang\Desktop\General Folder\Concordia\2018 Winter\SOEN487\tools\OpenESB-Quickstart-Standalone-v305\OpenESB-SE-3.0.5\OE-Studio\netbeans\java\modules\ext\hibernate4\jboss-transaction-api_1.2_spec-1.0.0.Final.jar;C:\Users\Yanan Chang\Desktop\General Folder\Concordia\2018 Winter\SOEN487\tools\OpenESB-Quickstart-Standalone-v305\OpenESB-SE-3.0.5\OE-Studio\netbeans\java\modules\ext\hibernate4\slf4j-api-1.6.1.jar;C:\Users\Yanan Chang\Desktop\General Folder\Concordia\2018 Winter\SOEN487\tools\OpenESB-Quickstart-Standalone-v305\OpenESB-SE-3.0.5\OE-Studio\netbeans\java\modules\ext\hibernate4\slf4j-simple-1.6.1.jar;C:\Users\Yanan Chang\Desktop\General Folder\Concordia\2018 Winter\SOEN487\tools\OpenESB-Quickstart-Standalone-v305\OpenESB-SE-3.0.5\OE-Studio\netbeans\java\modules\ext\hibernate4\hibernate-jpa-2.1-api-1.0.0.Final.jar" />
    <property name="libs.JAXB-ENDORSED.src" value="" />
    <property name="dist.archive.excludes" value="" />
    <property name="libs.testng.javadoc" value="C:\Users\Yanan Chang\Desktop\General Folder\Concordia\2018 Winter\SOEN487\tools\OpenESB-Quickstart-Standalone-v305\OpenESB-SE-3.0.5\OE-Studio\netbeans\platform\docs\testng-6.8.1-javadoc.zip" />
    <property name="libs.PostgreSQLDriver.classpath" value="C:\Users\Yanan Chang\Desktop\General Folder\Concordia\2018 Winter\SOEN487\tools\OpenESB-Quickstart-Standalone-v305\OpenESB-SE-3.0.5\OE-Studio\netbeans\ide\modules\ext\postgresql-9.2-1002.jdbc4.jar" />
    <property name="user.script" value="" />
    <property name="libs.jsf12.maven-pom" value="" />
    <property name="libs.hibernate4-persistencemodelgen.classpath" value="C:\Users\Yanan Chang\Desktop\General Folder\Concordia\2018 Winter\SOEN487\tools\OpenESB-Quickstart-Standalone-v305\OpenESB-SE-3.0.5\OE-Studio\netbeans\java\modules\ext\hibernate4\hibernate-jpamodelgen-4.3.1.Final.jar" />
    <property name="libs.Encoder-Custom.src" value="" />
    <property name="libs.junit.src" value="" />
    <property name="annotation.processing.source.output" value="build/generated-sources/ap-source-output" />
    <property name="libs.CopyLibs.src" value="" />
    <property name="build.dir" value="build" />
    <property name="libs.jsp-compilation.classpath" value="C:\Users\Yanan Chang\Desktop\General Folder\Concordia\2018 Winter\SOEN487\tools\OpenESB-Quickstart-Standalone-v305\OpenESB-SE-3.0.5\OE-Studio\netbeans\extide\ant\lib\ant.jar;C:\Users\Yanan Chang\Desktop\General Folder\Concordia\2018 Winter\SOEN487\tools\OpenESB-Quickstart-Standalone-v305\OpenESB-SE-3.0.5\OE-Studio\netbeans\enterprise\modules\ext\servlet3.1-jsp2.3-api.jar;C:\Users\Yanan Chang\Desktop\General Folder\Concordia\2018 Winter\SOEN487\tools\OpenESB-Quickstart-Standalone-v305\OpenESB-SE-3.0.5\OE-Studio\netbeans\enterprise\modules\ext\glassfish-jspparser-4.0.jar;C:\Users\Yanan Chang\Desktop\General Folder\Concordia\2018 Winter\SOEN487\tools\OpenESB-Quickstart-Standalone-v305\OpenESB-SE-3.0.5\OE-Studio\netbeans\enterprise\modules\ext\jsf-2_2\javax.faces.jar;C:\Users\Yanan Chang\Desktop\General Folder\Concordia\2018 Winter\SOEN487\tools\OpenESB-Quickstart-Standalone-v305\OpenESB-SE-3.0.5\OE-Studio\netbeans\enterprise\modules\ext\jstl-api.jar;C:\Users\Yanan Chang\Desktop\General Folder\Concordia\2018 Winter\SOEN487\tools\OpenESB-Quickstart-Standalone-v305\OpenESB-SE-3.0.5\OE-Studio\netbeans\extide\ant\lib\ant-launcher.jar" />
    <property name="j2ee.platform.is.jsr109" value="true" />
    <property name="ant.version" value="Apache Ant(TM) version 1.9.4 compiled on April 29 2014" />
    <property name="file.encoding" value="GBK" />
    <property name="build.classes.excludes" value="**/*.java,**/*.form" />
    <property name="jdkBug6558476" value="false" />
    <property name="javadoc.nonavbar" value="false" />
    <property name="libs.spring-webmvc4.0.classpath" value="C:\Users\Yanan Chang\Desktop\General Folder\Concordia\2018 Winter\SOEN487\tools\OpenESB-Quickstart-Standalone-v305\OpenESB-SE-3.0.5\OE-Studio\netbeans\java\modules\ext\spring-4\spring-webmvc-4.0.1.RELEASE.jar" />
    <property name="platform.active" value="default_platform" />
    <property name="awt.toolkit" value="sun.awt.windows.WToolkit" />
    <property name="war.ear.name" value="WarehouseService1.war" />
    <property name="libs.javaee-web-api-7.0.javadoc" value="C:\Users\Yanan Chang\Desktop\General Folder\Concordia\2018 Winter\SOEN487\tools\OpenESB-Quickstart-Standalone-v305\OpenESB-SE-3.0.5\OE-Studio\netbeans\enterprise\docs\javaee-doc-api.jar" />
  </properties>
  <testcase classname="soen487.g4.sc.warehouse.test.service.WarehouseWebServiceTest" name="testShipGoods" time="0.122" />
  <system-out><![CDATA[Testing if shipGoods() returns the right ItemShippingStatusList...
]]></system-out>
  <system-err><![CDATA[]]></system-err>
</testsuite>
